--------------------------------------------------------
--------------------------------------------------------
                                                 <strong>         niState          </strong>
                                                 <strong>__________________________</strong>

    <strong>wp2dataCreation.fsHz</strong>                         '44100'                   
    <strong>wp2dataCreation.nErbs</strong>                        '1'                       
    <strong>wp2dataCreation.nChannels</strong>                    '32'                      
    <strong>wp2dataCreation.mEarF</strong>                        'true'                    
    <strong>wp2dataCreation.fLowHz</strong>                       '80'                      
    <strong>wp2dataCreation.fHighHz</strong>                      '8000'                    
    <strong>wp2dataCreation.ihcMethod</strong>                    'halfwave'                
    <strong>wp2dataCreation.winSizeSec</strong>                   '0.02'                    
    <strong>wp2dataCreation.hopSizeSec</strong>                   '0.01'                    
    <strong>wp2dataCreation.winType</strong>                      'hann'                    
    <strong>wp2dataCreation.bNormRMS</strong>                     'false'                   
    <strong>wp2dataCreation.bAlign</strong>                       'false'                   
    <strong>wp2dataCreation.maxDelaySec</strong>                  '0.001'                   
    <strong>wp2dataCreation.strCues</strong>                      'ratemap_magnitude'       
    <strong>wp2dataCreation.strFeatures</strong>                  {}                        
    <strong>wp2dataCreation.angle</strong>                        '0'                       
    <strong>wp2dataCreation.head</strong>                         'QU_KEMAR_anechoic_3m.mat'
    <strong>blockCreation.blockSize</strong>                      '0.5'                     
    <strong>blockCreation.shiftSize</strong>                      '0.25'                    
    <strong>Labeling.minBlockToEventRatio</strong>                '0.8'                     
    <strong>featureCreation.function</strong>                     'msFeatures'              
    <strong>featureCreation.functionParam.derivations</strong>    '1'                       
    <strong>hyperParamSearch.epsilons</strong>                    '0.001'                   
    <strong>hyperParamSearch.cRange</strong>                      '[-5 5]'                  
    <strong>hyperParamSearch.gammaRange</strong>                  '[-12 3]'                 
    <strong>hyperParamSearch.kernels</strong>                     '0'                       
    <strong>hyperParamSearch.method</strong>                      'grid'                    
    <strong>hyperParamSearch.searchBudget</strong>                '9'                       
    <strong>hyperParamSearch.dataShare</strong>                   '1'                       
    <strong>hyperParamSearch.refineStages</strong>                '0'                       
    <strong>hyperParamSearch.folds</strong>                       '4'                       
    <strong>generalizationEstimation.folds</strong>               '4'                       

--------------------------------------------------------
wp2 processing of sounds
.................................................................................................................................................................................................................................................................................;
blockifying data
.................................................................................................................................................................................................................................................................................;
make labels .................................................................................................................................................................................................................................................................................;
make features;
splitting data into training/test folds.
........

1. run of generalization assessment CV -- training

grid search for best hyperparameters


CV with -t 0 -g 0.000000e+00 -c 1.000000e-05 -w-1 1 -w1 1 -q -e 1.000000e-03...splitting data into training/test folds.
........
training with -t 0 -g 0.000000e+00 -c 1.000000e-05 -w-1 1 -w1 6.463158e+01 -q -e 1.000000e-03
training performance:
Accuracy = 89.8156% (1120/1247) (classification)
BAC = 0.94829 (Sens = 1, Spec = 0.89658)
testing performance:
Accuracy = 91.1688% (351/385) (classification)
BAC = 0.955026 (Sens = 1, Spec = 0.910053)
training with -t 0 -g 0.000000e+00 -c 1.000000e-05 -w-1 1 -w1 7.083333e+01 -q -e 1.000000e-03
training performance:
Accuracy = 93.4261% (1208/1293) (classification)
BAC = 0.939281 (Sens = 0.944444, Spec = 0.934118)
testing performance:
Accuracy = 92.6254% (314/339) (classification)
BAC = 0.840257 (Sens = 0.75, Spec = 0.930514)
training with -t 0 -g 0.000000e+00 -c 1.000000e-05 -w-1 1 -w1 5.700000e+01 -q -e 1.000000e-03
training performance:
Accuracy = 89.3268% (1088/1218) (classification)
BAC = 0.922306 (Sens = 0.952381, Spec = 0.892231)
testing performance:
Accuracy = 87.4396% (362/414) (classification)
BAC = 0.93643 (Sens = 1, Spec = 0.872861)
training with -t 0 -g 0.000000e+00 -c 1.000000e-05 -w-1 1 -w1 5.590000e+01 -q -e 1.000000e-03
training performance:
Accuracy = 92.2671% (1050/1138) (classification)
BAC = 0.960644 (Sens = 1, Spec = 0.921288)
testing performance:
Accuracy = 91.498% (452/494) (classification)
BAC = 0.79235 (Sens = 0.666667, Spec = 0.918033)
Average training performance after CV: 0.94263
Average generalization performance after CV: 0.881016

CV with -t 0 -g 0.000000e+00 -c 1.778279e-04 -w-1 1 -w1 1 -q -e 1.000000e-03...splitting data into training/test folds.
........
training with -t 0 -g 0.000000e+00 -c 1.778279e-04 -w-1 1 -w1 5.585000e+01 -q -e 1.000000e-03
training performance:
Accuracy = 97.0097% (1103/1137) (classification)
BAC = 0.984781 (Sens = 1, Spec = 0.969561)
testing performance:
Accuracy = 96.3636% (477/495) (classification)
BAC = 0.981595 (Sens = 1, Spec = 0.96319)
training with -t 0 -g 0.000000e+00 -c 1.778279e-04 -w-1 1 -w1 5.640909e+01 -q -e 1.000000e-03
training performance:
Accuracy = 96.8329% (1223/1263) (classification)
BAC = 0.983884 (Sens = 1, Spec = 0.967768)
testing performance:
Accuracy = 96.477% (356/369) (classification)
BAC = 0.982192 (Sens = 1, Spec = 0.964384)
training with -t 0 -g 0.000000e+00 -c 1.778279e-04 -w-1 1 -w1 6.589474e+01 -q -e 1.000000e-03
training performance:
Accuracy = 96.6955% (1229/1271) (classification)
BAC = 0.983227 (Sens = 1, Spec = 0.966454)
testing performance:
Accuracy = 97.2299% (351/361) (classification)
BAC = 0.985876 (Sens = 1, Spec = 0.971751)
training with -t 0 -g 0.000000e+00 -c 1.778279e-04 -w-1 1 -w1 7.105882e+01 -q -e 1.000000e-03
training performance:
Accuracy = 98.2041% (1203/1225) (classification)
BAC = 0.990894 (Sens = 1, Spec = 0.981788)
testing performance:
Accuracy = 98.2801% (400/407) (classification)
BAC = 0.882607 (Sens = 0.777778, Spec = 0.987437)
Average training performance after CV: 0.985696
Average generalization performance after CV: 0.958068

CV with -t 0 -g 0.000000e+00 -c 3.162278e-03 -w-1 1 -w1 1 -q -e 1.000000e-03...splitting data into training/test folds.
........
training with -t 0 -g 0.000000e+00 -c 3.162278e-03 -w-1 1 -w1 5.263636e+01 -q -e 1.000000e-03
training performance:
Accuracy = 99.2373% (1171/1180) (classification)
BAC = 0.996114 (Sens = 1, Spec = 0.992228)
testing performance:
Accuracy = 98.2301% (444/452) (classification)
BAC = 0.991071 (Sens = 1, Spec = 0.982143)
training with -t 0 -g 0.000000e+00 -c 3.162278e-03 -w-1 1 -w1 6.861111e+01 -q -e 1.000000e-03
training performance:
Accuracy = 99.2019% (1243/1253) (classification)
BAC = 0.995951 (Sens = 1, Spec = 0.991903)
testing performance:
Accuracy = 98.9446% (375/379) (classification)
BAC = 0.75 (Sens = 0.5, Spec = 1)
CV run cannot reach best value any more, aborting
Average training performance after CV: 0.998016
Average generalization performance after CV: 0.935268

CV with -t 0 -g 0.000000e+00 -c 5.623413e-02 -w-1 1 -w1 1 -q -e 1.000000e-03...splitting data into training/test folds.
........
training with -t 0 -g 0.000000e+00 -c 5.623413e-02 -w-1 1 -w1 6.015000e+01 -q -e 1.000000e-03
training performance:
Accuracy = 99.9182% (1222/1223) (classification)
BAC = 0.999584 (Sens = 1, Spec = 0.999169)
testing performance:
Accuracy = 99.022% (405/409) (classification)
BAC = 0.995037 (Sens = 1, Spec = 0.990074)
training with -t 0 -g 0.000000e+00 -c 5.623413e-02 -w-1 1 -w1 7.194118e+01 -q -e 1.000000e-03
training performance:
Accuracy = 99.9194% (1239/1240) (classification)
BAC = 0.999591 (Sens = 1, Spec = 0.999182)
testing performance:
Accuracy = 97.9592% (384/392) (classification)
BAC = 0.555556 (Sens = 0.111111, Spec = 1)
CV run cannot reach best value any more, aborting
Average training performance after CV: 0.999794
Average generalization performance after CV: 0.887648

CV with -t 0 -g 0.000000e+00 -c 1.000000e+00 -w-1 1 -w1 1 -q -e 1.000000e-03...splitting data into training/test folds.
........
training with -t 0 -g 0.000000e+00 -c 1.000000e+00 -w-1 1 -w1 6.855556e+01 -q -e 1.000000e-03
training performance:
Accuracy = 100% (1252/1252) (classification)
BAC = 1 (Sens = 1, Spec = 1)
testing performance:
Accuracy = 97.6316% (371/380) (classification)
BAC = 0.804435 (Sens = 0.625, Spec = 0.983871)
CV run cannot reach best value any more, aborting
Average training performance after CV: 1
Average generalization performance after CV: 0.951109

CV with -t 0 -g 0.000000e+00 -c 1.778279e+01 -w-1 1 -w1 1 -q -e 1.000000e-03...splitting data into training/test folds.
........
training with -t 0 -g 0.000000e+00 -c 1.778279e+01 -w-1 1 -w1 7.152941e+01 -q -e 1.000000e-03
training performance:
Accuracy = 100% (1233/1233) (classification)
BAC = 1 (Sens = 1, Spec = 1)
testing performance:
Accuracy = 98.2456% (392/399) (classification)
BAC = 0.665385 (Sens = 0.333333, Spec = 0.997436)
CV run cannot reach best value any more, aborting
Average training performance after CV: 1
Average generalization performance after CV: 0.916346

CV with -t 0 -g 0.000000e+00 -c 3.162278e+02 -w-1 1 -w1 1 -q -e 1.000000e-03...splitting data into training/test folds.
........
training with -t 0 -g 0.000000e+00 -c 3.162278e+02 -w-1 1 -w1 7.141176e+01 -q -e 1.000000e-03
training performance:
Accuracy = 100% (1231/1231) (classification)
BAC = 1 (Sens = 1, Spec = 1)
testing performance:
Accuracy = 98.005% (393/401) (classification)
BAC = 0.555556 (Sens = 0.111111, Spec = 1)
CV run cannot reach best value any more, aborting
Average training performance after CV: 1
Average generalization performance after CV: 0.888889

CV with -t 0 -g 0.000000e+00 -c 5.623413e+03 -w-1 1 -w1 1 -q -e 1.000000e-03...splitting data into training/test folds.
........
training with -t 0 -g 0.000000e+00 -c 5.623413e+03 -w-1 1 -w1 4.945455e+01 -q -e 1.000000e-03
training performance:
Accuracy = 100% (1110/1110) (classification)
BAC = 1 (Sens = 1, Spec = 1)
testing performance:
Accuracy = 99.2337% (518/522) (classification)
BAC = 0.748069 (Sens = 0.5, Spec = 0.996139)
CV run cannot reach best value any more, aborting
Average training performance after CV: 1
Average generalization performance after CV: 0.937017

CV with -t 0 -g 0.000000e+00 -c 1.000000e+05 -w-1 1 -w1 1 -q -e 1.000000e-03...splitting data into training/test folds.
........
training with -t 0 -g 0.000000e+00 -c 1.000000e+05 -w-1 1 -w1 6.305263e+01 -q -e 1.000000e-03
training performance:
Accuracy = 100% (1217/1217) (classification)
BAC = 1 (Sens = 1, Spec = 1)
testing performance:
Accuracy = 98.7952% (410/415) (classification)
BAC = 0.853466 (Sens = 0.714286, Spec = 0.992647)
training with -t 0 -g 0.000000e+00 -c 1.000000e+05 -w-1 1 -w1 5.576190e+01 -q -e 1.000000e-03
training performance:
Accuracy = 100% (1192/1192) (classification)
BAC = 1 (Sens = 1, Spec = 1)
testing performance:
Accuracy = 99.0909% (436/440) (classification)
BAC = 0.896552 (Sens = 0.8, Spec = 0.993103)
CV run cannot reach best value any more, aborting
Average training performance after CV: 1
Average generalization performance after CV: 0.937505

training with best hyperparameters (CV gen prediction: 0.958068)
training with -t 0 -g 0.000000e+00 -c 1.778279e-04 -w-1 1 -w1 6.192308e+01 -q -e 1.000000e-03
training performance:
Accuracy = 97.3105% (1592/1636) (classification)
BAC = 0.986335 (Sens = 1, Spec = 0.972671)

1. run of generalization assessment CV -- testing
Accuracy = 97.449% (573/588) (classification)
BAC = 0.987091 (Sens = 1, Spec = 0.974182)

2. run of generalization assessment CV -- training

grid search for best hyperparameters


CV with -t 0 -g 0.000000e+00 -c 1.000000e-05 -w-1 1 -w1 1 -q -e 1.000000e-03...splitting data into training/test folds.
........
training with -t 0 -g 0.000000e+00 -c 1.000000e-05 -w-1 1 -w1 7.946667e+01 -q -e 1.000000e-03
training performance:
Accuracy = 92.2949% (1114/1207) (classification)
BAC = 0.96099 (Sens = 1, Spec = 0.92198)
testing performance:
Accuracy = 92.9742% (397/427) (classification)
BAC = 0.9642 (Sens = 1, Spec = 0.928401)
training with -t 0 -g 0.000000e+00 -c 1.000000e-05 -w-1 1 -w1 7.575000e+01 -q -e 1.000000e-03
training performance:
Accuracy = 94.7068% (1163/1228) (classification)
BAC = 0.942347 (Sens = 0.9375, Spec = 0.947195)
testing performance:
Accuracy = 93.1034% (378/406) (classification)
BAC = 0.964912 (Sens = 1, Spec = 0.929825)
training with -t 0 -g 0.000000e+00 -c 1.000000e-05 -w-1 1 -w1 6.415789e+01 -q -e 1.000000e-03
training performance:
Accuracy = 93.2149% (1154/1238) (classification)
BAC = 0.93964 (Sens = 0.947368, Spec = 0.931911)
testing performance:
Accuracy = 95.4545% (378/396) (classification)
BAC = 0.977041 (Sens = 1, Spec = 0.954082)
training with -t 0 -g 0.000000e+00 -c 1.000000e-05 -w-1 1 -w1 6.368421e+01 -q -e 1.000000e-03
training performance:
Accuracy = 94.7111% (1164/1229) (classification)
BAC = 0.97314 (Sens = 1, Spec = 0.946281)
testing performance:
Accuracy = 91.8519% (372/405) (classification)
BAC = 0.711347 (Sens = 0.5, Spec = 0.922693)
Average training performance after CV: 0.954029
Average generalization performance after CV: 0.904375

CV with -t 0 -g 0.000000e+00 -c 1.778279e-04 -w-1 1 -w1 1 -q -e 1.000000e-03...splitting data into training/test folds.
........
training with -t 0 -g 0.000000e+00 -c 1.778279e-04 -w-1 1 -w1 6.638889e+01 -q -e 1.000000e-03
training performance:
Accuracy = 96.7848% (1174/1213) (classification)
BAC = 0.983682 (Sens = 1, Spec = 0.967364)
testing performance:
Accuracy = 97.1496% (409/421) (classification)
BAC = 0.985577 (Sens = 1, Spec = 0.971154)
training with -t 0 -g 0.000000e+00 -c 1.778279e-04 -w-1 1 -w1 6.672222e+01 -q -e 1.000000e-03
training performance:
Accuracy = 97.8671% (1193/1219) (classification)
BAC = 0.989176 (Sens = 1, Spec = 0.978351)
testing performance:
Accuracy = 97.3494% (404/415) (classification)
BAC = 0.986585 (Sens = 1, Spec = 0.973171)
training with -t 0 -g 0.000000e+00 -c 1.778279e-04 -w-1 1 -w1 8.146667e+01 -q -e 1.000000e-03
training performance:
Accuracy = 98.3023% (1216/1237) (classification)
BAC = 0.991408 (Sens = 1, Spec = 0.982815)
testing performance:
Accuracy = 98.4887% (391/397) (classification)
BAC = 0.931073 (Sens = 0.875, Spec = 0.987147)
training with -t 0 -g 0.000000e+00 -c 1.778279e-04 -w-1 1 -w1 6.750000e+01 -q -e 1.000000e-03
training performance:
Accuracy = 96.6748% (1192/1233) (classification)
BAC = 0.983128 (Sens = 1, Spec = 0.966255)
testing performance:
Accuracy = 98.005% (393/401) (classification)
BAC = 0.989899 (Sens = 1, Spec = 0.979798)
Average training performance after CV: 0.986848
Average generalization performance after CV: 0.973284

CV with -t 0 -g 0.000000e+00 -c 3.162278e-03 -w-1 1 -w1 1 -q -e 1.000000e-03...splitting data into training/test folds.
........
training with -t 0 -g 0.000000e+00 -c 3.162278e-03 -w-1 1 -w1 6.205263e+01 -q -e 1.000000e-03
training performance:
Accuracy = 99.1653% (1188/1198) (classification)
BAC = 0.995759 (Sens = 1, Spec = 0.991518)
testing performance:
Accuracy = 98.8532% (431/436) (classification)
BAC = 0.994213 (Sens = 1, Spec = 0.988426)
training with -t 0 -g 0.000000e+00 -c 3.162278e-03 -w-1 1 -w1 7.329412e+01 -q -e 1.000000e-03
training performance:
Accuracy = 99.2082% (1253/1263) (classification)
BAC = 0.995987 (Sens = 1, Spec = 0.991974)
testing performance:
Accuracy = 99.1914% (368/371) (classification)
BAC = 0.99589 (Sens = 1, Spec = 0.991781)
training with -t 0 -g 0.000000e+00 -c 3.162278e-03 -w-1 1 -w1 7.826667e+01 -q -e 1.000000e-03
training performance:
Accuracy = 99.159% (1179/1189) (classification)
BAC = 0.995741 (Sens = 1, Spec = 0.991482)
testing performance:
Accuracy = 97.9775% (436/445) (classification)
BAC = 0.866991 (Sens = 0.75, Spec = 0.983982)
CV run cannot reach best value any more, aborting
Average training performance after CV: 0.996872
Average generalization performance after CV: 0.964274

CV with -t 0 -g 0.000000e+00 -c 5.623413e-02 -w-1 1 -w1 1 -q -e 1.000000e-03...splitting data into training/test folds.
........
training with -t 0 -g 0.000000e+00 -c 5.623413e-02 -w-1 1 -w1 6.772222e+01 -q -e 1.000000e-03
training performance:
Accuracy = 99.8383% (1235/1237) (classification)
BAC = 0.99918 (Sens = 1, Spec = 0.998359)
testing performance:
Accuracy = 99.2443% (394/397) (classification)
BAC = 0.798724 (Sens = 0.6, Spec = 0.997449)
CV run cannot reach best value any more, aborting
Average training performance after CV: 0.999795
Average generalization performance after CV: 0.949681

CV with -t 0 -g 0.000000e+00 -c 1.000000e+00 -w-1 1 -w1 1 -q -e 1.000000e-03...splitting data into training/test folds.
........
training with -t 0 -g 0.000000e+00 -c 1.000000e+00 -w-1 1 -w1 6.905556e+01 -q -e 1.000000e-03
training performance:
Accuracy = 100% (1261/1261) (classification)
BAC = 1 (Sens = 1, Spec = 1)
testing performance:
Accuracy = 99.1957% (370/373) (classification)
BAC = 0.995924 (Sens = 1, Spec = 0.991848)
training with -t 0 -g 0.000000e+00 -c 1.000000e+00 -w-1 1 -w1 6.616667e+01 -q -e 1.000000e-03
training performance:
Accuracy = 100% (1209/1209) (classification)
BAC = 1 (Sens = 1, Spec = 1)
testing performance:
Accuracy = 99.2941% (422/425) (classification)
BAC = 0.79881 (Sens = 0.6, Spec = 0.997619)
CV run cannot reach best value any more, aborting
Average training performance after CV: 1
Average generalization performance after CV: 0.948683

CV with -t 0 -g 0.000000e+00 -c 1.778279e+01 -w-1 1 -w1 1 -q -e 1.000000e-03...splitting data into training/test folds.
........
training with -t 0 -g 0.000000e+00 -c 1.778279e+01 -w-1 1 -w1 6.944444e+01 -q -e 1.000000e-03
training performance:
Accuracy = 100% (1268/1268) (classification)
BAC = 1 (Sens = 1, Spec = 1)
testing performance:
Accuracy = 99.1803% (363/366) (classification)
BAC = 0.798615 (Sens = 0.6, Spec = 0.99723)
CV run cannot reach best value any more, aborting
Average training performance after CV: 1
Average generalization performance after CV: 0.949654

CV with -t 0 -g 0.000000e+00 -c 3.162278e+02 -w-1 1 -w1 1 -q -e 1.000000e-03...splitting data into training/test folds.
........
training with -t 0 -g 0.000000e+00 -c 3.162278e+02 -w-1 1 -w1 6.772222e+01 -q -e 1.000000e-03
training performance:
Accuracy = 100% (1237/1237) (classification)
BAC = 1 (Sens = 1, Spec = 1)
testing performance:
Accuracy = 98.9924% (393/397) (classification)
BAC = 0.994898 (Sens = 1, Spec = 0.989796)
training with -t 0 -g 0.000000e+00 -c 3.162278e+02 -w-1 1 -w1 7.187500e+01 -q -e 1.000000e-03
training performance:
Accuracy = 100% (1166/1166) (classification)
BAC = 1 (Sens = 1, Spec = 1)
testing performance:
Accuracy = 99.7863% (467/468) (classification)
BAC = 0.998915 (Sens = 1, Spec = 0.997831)
training with -t 0 -g 0.000000e+00 -c 3.162278e+02 -w-1 1 -w1 6.794444e+01 -q -e 1.000000e-03
training performance:
Accuracy = 100% (1241/1241) (classification)
BAC = 1 (Sens = 1, Spec = 1)
testing performance:
Accuracy = 99.4911% (391/393) (classification)
BAC = 0.898711 (Sens = 0.8, Spec = 0.997423)
CV run cannot reach best value any more, aborting
Average training performance after CV: 1
Average generalization performance after CV: 0.973131

CV with -t 0 -g 0.000000e+00 -c 5.623413e+03 -w-1 1 -w1 1 -q -e 1.000000e-03...splitting data into training/test folds.
........
training with -t 0 -g 0.000000e+00 -c 5.623413e+03 -w-1 1 -w1 6.935294e+01 -q -e 1.000000e-03
training performance:
Accuracy = 100% (1196/1196) (classification)
BAC = 1 (Sens = 1, Spec = 1)
testing performance:
Accuracy = 99.0868% (434/438) (classification)
BAC = 0.831019 (Sens = 0.666667, Spec = 0.99537)
CV run cannot reach best value any more, aborting
Average training performance after CV: 1
Average generalization performance after CV: 0.957755

CV with -t 0 -g 0.000000e+00 -c 1.000000e+05 -w-1 1 -w1 1 -q -e 1.000000e-03...splitting data into training/test folds.
........
training with -t 0 -g 0.000000e+00 -c 1.000000e+05 -w-1 1 -w1 7.364706e+01 -q -e 1.000000e-03
training performance:
Accuracy = 100% (1269/1269) (classification)
BAC = 1 (Sens = 1, Spec = 1)
testing performance:
Accuracy = 99.4521% (363/365) (classification)
BAC = 0.915274 (Sens = 0.833333, Spec = 0.997214)
training with -t 0 -g 0.000000e+00 -c 1.000000e+05 -w-1 1 -w1 6.583333e+01 -q -e 1.000000e-03
training performance:
Accuracy = 100% (1203/1203) (classification)
BAC = 1 (Sens = 1, Spec = 1)
testing performance:
Accuracy = 99.3039% (428/431) (classification)
BAC = 0.996479 (Sens = 1, Spec = 0.992958)
training with -t 0 -g 0.000000e+00 -c 1.000000e+05 -w-1 1 -w1 7.147059e+01 -q -e 1.000000e-03
training performance:
Accuracy = 100% (1232/1232) (classification)
BAC = 1 (Sens = 1, Spec = 1)
testing performance:
Accuracy = 99.2537% (399/402) (classification)
BAC = 0.914141 (Sens = 0.833333, Spec = 0.994949)
CV run cannot reach best value any more, aborting
Average training performance after CV: 1
Average generalization performance after CV: 0.956474

training with best hyperparameters (CV gen prediction: 0.973284)
training with -t 0 -g 0.000000e+00 -c 1.778279e-04 -w-1 1 -w1 7.021739e+01 -q -e 1.000000e-03
training performance:
Accuracy = 97.4359% (1596/1638) (classification)
BAC = 0.986997 (Sens = 1, Spec = 0.973994)

2. run of generalization assessment CV -- testing
Accuracy = 96.9283% (568/586) (classification)
BAC = 0.984375 (Sens = 1, Spec = 0.96875)

3. run of generalization assessment CV -- training

grid search for best hyperparameters


CV with -t 0 -g 0.000000e+00 -c 1.000000e-05 -w-1 1 -w1 1 -q -e 1.000000e-03...splitting data into training/test folds.
........
training with -t 0 -g 0.000000e+00 -c 1.000000e-05 -w-1 1 -w1 7.538889e+01 -q -e 1.000000e-03
training performance:
Accuracy = 92.1455% (1267/1375) (classification)
BAC = 0.960206 (Sens = 1, Spec = 0.920413)
testing performance:
Accuracy = 88.102% (311/353) (classification)
BAC = 0.939655 (Sens = 1, Spec = 0.87931)
training with -t 0 -g 0.000000e+00 -c 1.000000e-05 -w-1 1 -w1 8.626667e+01 -q -e 1.000000e-03
training performance:
Accuracy = 90.6799% (1187/1309) (classification)
BAC = 0.952859 (Sens = 1, Spec = 0.905719)
testing performance:
Accuracy = 85.2029% (357/419) (classification)
BAC = 0.924574 (Sens = 1, Spec = 0.849148)
training with -t 0 -g 0.000000e+00 -c 1.000000e-05 -w-1 1 -w1 6.394737e+01 -q -e 1.000000e-03
training performance:
Accuracy = 93.1118% (1149/1234) (classification)
BAC = 0.939116 (Sens = 0.947368, Spec = 0.930864)
testing performance:
Accuracy = 95.749% (473/494) (classification)
BAC = 0.978571 (Sens = 1, Spec = 0.957143)
training with -t 0 -g 0.000000e+00 -c 1.000000e-05 -w-1 1 -w1 7.347059e+01 -q -e 1.000000e-03
training performance:
Accuracy = 95.1027% (1204/1266) (classification)
BAC = 0.97518 (Sens = 1, Spec = 0.95036)
testing performance:
Accuracy = 94.5887% (437/462) (classification)
BAC = 0.808114 (Sens = 0.666667, Spec = 0.949561)
Average training performance after CV: 0.956841
Average generalization performance after CV: 0.912729

CV with -t 0 -g 0.000000e+00 -c 1.778279e-04 -w-1 1 -w1 1 -q -e 1.000000e-03...splitting data into training/test folds.
........
training with -t 0 -g 0.000000e+00 -c 1.778279e-04 -w-1 1 -w1 7.272222e+01 -q -e 1.000000e-03
training performance:
Accuracy = 97.1364% (1289/1327) (classification)
BAC = 0.985485 (Sens = 1, Spec = 0.97097)
testing performance:
Accuracy = 97.5062% (391/401) (classification)
BAC = 0.987374 (Sens = 1, Spec = 0.974747)
training with -t 0 -g 0.000000e+00 -c 1.778279e-04 -w-1 1 -w1 7.805882e+01 -q -e 1.000000e-03
training performance:
Accuracy = 97.9167% (1316/1344) (classification)
BAC = 0.98945 (Sens = 1, Spec = 0.9789)
testing performance:
Accuracy = 96.875% (372/384) (classification)
BAC = 0.984127 (Sens = 1, Spec = 0.968254)
training with -t 0 -g 0.000000e+00 -c 1.778279e-04 -w-1 1 -w1 8.120000e+01 -q -e 1.000000e-03
training performance:
Accuracy = 97.7291% (1205/1233) (classification)
BAC = 0.988506 (Sens = 1, Spec = 0.977011)
testing performance:
Accuracy = 98.3838% (487/495) (classification)
BAC = 0.930313 (Sens = 0.875, Spec = 0.985626)
training with -t 0 -g 0.000000e+00 -c 1.778279e-04 -w-1 1 -w1 6.636842e+01 -q -e 1.000000e-03
training performance:
Accuracy = 97.2656% (1245/1280) (classification)
BAC = 0.986122 (Sens = 1, Spec = 0.972244)
testing performance:
Accuracy = 95.9821% (430/448) (classification)
BAC = 0.97973 (Sens = 1, Spec = 0.959459)
Average training performance after CV: 0.987391
Average generalization performance after CV: 0.970386

CV with -t 0 -g 0.000000e+00 -c 3.162278e-03 -w-1 1 -w1 1 -q -e 1.000000e-03...splitting data into training/test folds.
........
training with -t 0 -g 0.000000e+00 -c 3.162278e-03 -w-1 1 -w1 6.694737e+01 -q -e 1.000000e-03
training performance:
Accuracy = 99.5352% (1285/1291) (classification)
BAC = 0.997642 (Sens = 1, Spec = 0.995283)
testing performance:
Accuracy = 98.627% (431/437) (classification)
BAC = 0.993072 (Sens = 1, Spec = 0.986143)
training with -t 0 -g 0.000000e+00 -c 3.162278e-03 -w-1 1 -w1 7.258824e+01 -q -e 1.000000e-03
training performance:
Accuracy = 99.1207% (1240/1251) (classification)
BAC = 0.995543 (Sens = 1, Spec = 0.991086)
testing performance:
Accuracy = 99.7904% (476/477) (classification)
BAC = 0.998938 (Sens = 1, Spec = 0.997877)
training with -t 0 -g 0.000000e+00 -c 3.162278e-03 -w-1 1 -w1 8.043750e+01 -q -e 1.000000e-03
training performance:
Accuracy = 99.4628% (1296/1303) (classification)
BAC = 0.99728 (Sens = 1, Spec = 0.994561)
testing performance:
Accuracy = 99.2941% (422/425) (classification)
BAC = 0.996411 (Sens = 1, Spec = 0.992823)
training with -t 0 -g 0.000000e+00 -c 3.162278e-03 -w-1 1 -w1 7.776471e+01 -q -e 1.000000e-03
training performance:
Accuracy = 99.3279% (1330/1339) (classification)
BAC = 0.996596 (Sens = 1, Spec = 0.993192)
testing performance:
Accuracy = 97.1722% (378/389) (classification)
BAC = 0.903612 (Sens = 0.833333, Spec = 0.97389)
Average training performance after CV: 0.996765
Average generalization performance after CV: 0.973008

CV with -t 0 -g 0.000000e+00 -c 5.623413e-02 -w-1 1 -w1 1 -q -e 1.000000e-03...splitting data into training/test folds.
........
training with -t 0 -g 0.000000e+00 -c 5.623413e-02 -w-1 1 -w1 6.750000e+01 -q -e 1.000000e-03
training performance:
Accuracy = 99.7567% (1230/1233) (classification)
BAC = 0.998765 (Sens = 1, Spec = 0.997531)
testing performance:
Accuracy = 99.3939% (492/495) (classification)
BAC = 0.996939 (Sens = 1, Spec = 0.993878)
training with -t 0 -g 0.000000e+00 -c 5.623413e-02 -w-1 1 -w1 7.027778e+01 -q -e 1.000000e-03
training performance:
Accuracy = 99.9221% (1282/1283) (classification)
BAC = 0.999605 (Sens = 1, Spec = 0.999209)
testing performance:
Accuracy = 99.5506% (443/445) (classification)
BAC = 0.898864 (Sens = 0.8, Spec = 0.997727)
training with -t 0 -g 0.000000e+00 -c 5.623413e-02 -w-1 1 -w1 8.706667e+01 -q -e 1.000000e-03
training performance:
Accuracy = 99.9243% (1320/1321) (classification)
BAC = 0.999617 (Sens = 1, Spec = 0.999234)
testing performance:
Accuracy = 98.7715% (402/407) (classification)
BAC = 0.6875 (Sens = 0.375, Spec = 1)
CV run cannot reach best value any more, aborting
Average training performance after CV: 0.999497
Average generalization performance after CV: 0.895826

CV with -t 0 -g 0.000000e+00 -c 1.000000e+00 -w-1 1 -w1 1 -q -e 1.000000e-03...splitting data into training/test folds.
........
training with -t 0 -g 0.000000e+00 -c 1.000000e+00 -w-1 1 -w1 6.900000e+01 -q -e 1.000000e-03
training performance:
Accuracy = 100% (1330/1330) (classification)
BAC = 1 (Sens = 1, Spec = 1)
testing performance:
Accuracy = 95.9799% (382/398) (classification)
BAC = 0.855964 (Sens = 0.75, Spec = 0.961929)
CV run cannot reach best value any more, aborting
Average training performance after CV: 1
Average generalization performance after CV: 0.963991

CV with -t 0 -g 0.000000e+00 -c 1.778279e+01 -w-1 1 -w1 1 -q -e 1.000000e-03...splitting data into training/test folds.
........
training with -t 0 -g 0.000000e+00 -c 1.778279e+01 -w-1 1 -w1 6.160000e+01 -q -e 1.000000e-03
training performance:
Accuracy = 100% (1252/1252) (classification)
BAC = 1 (Sens = 1, Spec = 1)
testing performance:
Accuracy = 98.7395% (470/476) (classification)
BAC = 0.993658 (Sens = 1, Spec = 0.987315)
training with -t 0 -g 0.000000e+00 -c 1.778279e+01 -w-1 1 -w1 7.656250e+01 -q -e 1.000000e-03
training performance:
Accuracy = 100% (1241/1241) (classification)
BAC = 1 (Sens = 1, Spec = 1)
testing performance:
Accuracy = 99.5893% (485/487) (classification)
BAC = 0.92753 (Sens = 0.857143, Spec = 0.997917)
training with -t 0 -g 0.000000e+00 -c 1.778279e+01 -w-1 1 -w1 8.387500e+01 -q -e 1.000000e-03
training performance:
Accuracy = 100% (1358/1358) (classification)
BAC = 1 (Sens = 1, Spec = 1)
testing performance:
Accuracy = 99.1892% (367/370) (classification)
BAC = 0.925817 (Sens = 0.857143, Spec = 0.99449)
CV run cannot reach best value any more, aborting
Average training performance after CV: 1
Average generalization performance after CV: 0.961751

CV with -t 0 -g 0.000000e+00 -c 3.162278e+02 -w-1 1 -w1 1 -q -e 1.000000e-03...splitting data into training/test folds.
........
training with -t 0 -g 0.000000e+00 -c 3.162278e+02 -w-1 1 -w1 7.488235e+01 -q -e 1.000000e-03
training performance:
Accuracy = 100% (1290/1290) (classification)
BAC = 1 (Sens = 1, Spec = 1)
testing performance:
Accuracy = 99.0868% (434/438) (classification)
BAC = 0.748843 (Sens = 0.5, Spec = 0.997685)
CV run cannot reach best value any more, aborting
Average training performance after CV: 1
Average generalization performance after CV: 0.937211

CV with -t 0 -g 0.000000e+00 -c 5.623413e+03 -w-1 1 -w1 1 -q -e 1.000000e-03...splitting data into training/test folds.
........
training with -t 0 -g 0.000000e+00 -c 5.623413e+03 -w-1 1 -w1 6.988889e+01 -q -e 1.000000e-03
training performance:
Accuracy = 100% (1276/1276) (classification)
BAC = 1 (Sens = 1, Spec = 1)
testing performance:
Accuracy = 99.3363% (449/452) (classification)
BAC = 0.897763 (Sens = 0.8, Spec = 0.995526)
training with -t 0 -g 0.000000e+00 -c 5.623413e+03 -w-1 1 -w1 8.393333e+01 -q -e 1.000000e-03
training performance:
Accuracy = 100% (1274/1274) (classification)
BAC = 1 (Sens = 1, Spec = 1)
testing performance:
Accuracy = 97.1366% (441/454) (classification)
BAC = 0.924047 (Sens = 0.875, Spec = 0.973094)
CV run cannot reach best value any more, aborting
Average training performance after CV: 1
Average generalization performance after CV: 0.955452

CV with -t 0 -g 0.000000e+00 -c 1.000000e+05 -w-1 1 -w1 1 -q -e 1.000000e-03...splitting data into training/test folds.
........
training with -t 0 -g 0.000000e+00 -c 1.000000e+05 -w-1 1 -w1 6.768421e+01 -q -e 1.000000e-03
training performance:
Accuracy = 100% (1305/1305) (classification)
BAC = 1 (Sens = 1, Spec = 1)
testing performance:
Accuracy = 96.9267% (410/423) (classification)
BAC = 0.984487 (Sens = 1, Spec = 0.968974)
training with -t 0 -g 0.000000e+00 -c 1.000000e+05 -w-1 1 -w1 7.111111e+01 -q -e 1.000000e-03
training performance:
Accuracy = 100% (1298/1298) (classification)
BAC = 1 (Sens = 1, Spec = 1)
testing performance:
Accuracy = 99.5349% (428/430) (classification)
BAC = 0.898824 (Sens = 0.8, Spec = 0.997647)
CV run cannot reach best value any more, aborting
Average training performance after CV: 1
Average generalization performance after CV: 0.970828

training with best hyperparameters (CV gen prediction: 0.973008)
training with -t 0 -g 0.000000e+00 -c 3.162278e-03 -w-1 1 -w1 7.430435e+01 -q -e 1.000000e-03
training performance:
Accuracy = 99.3649% (1721/1732) (classification)
BAC = 0.996782 (Sens = 1, Spec = 0.993563)

3. run of generalization assessment CV -- testing
Accuracy = 99.187% (488/492) (classification)
BAC = 0.897925 (Sens = 0.8, Spec = 0.995851)

4. run of generalization assessment CV -- training

grid search for best hyperparameters


CV with -t 0 -g 0.000000e+00 -c 1.000000e-05 -w-1 1 -w1 1 -q -e 1.000000e-03...splitting data into training/test folds.
........
training with -t 0 -g 0.000000e+00 -c 1.000000e-05 -w-1 1 -w1 5.980952e+01 -q -e 1.000000e-03
training performance:
Accuracy = 91.1511% (1164/1277) (classification)
BAC = 0.955016 (Sens = 1, Spec = 0.910032)
testing performance:
Accuracy = 86.8895% (338/389) (classification)
BAC = 0.93342 (Sens = 1, Spec = 0.866841)
training with -t 0 -g 0.000000e+00 -c 1.000000e-05 -w-1 1 -w1 6.547368e+01 -q -e 1.000000e-03
training performance:
Accuracy = 93.1908% (1177/1263) (classification)
BAC = 0.965434 (Sens = 1, Spec = 0.930868)
testing performance:
Accuracy = 92.5558% (373/403) (classification)
BAC = 0.839557 (Sens = 0.75, Spec = 0.929114)
training with -t 0 -g 0.000000e+00 -c 1.000000e-05 -w-1 1 -w1 6.340000e+01 -q -e 1.000000e-03
training performance:
Accuracy = 87.9658% (1133/1288) (classification)
BAC = 0.93888 (Sens = 1, Spec = 0.87776)
testing performance:
Accuracy = 89.1534% (337/378) (classification)
BAC = 0.944744 (Sens = 1, Spec = 0.889488)
training with -t 0 -g 0.000000e+00 -c 1.000000e-05 -w-1 1 -w1 5.471429e+01 -q -e 1.000000e-03
training performance:
Accuracy = 90.6838% (1061/1170) (classification)
BAC = 0.952567 (Sens = 1, Spec = 0.905135)
testing performance:
Accuracy = 93.1452% (462/496) (classification)
BAC = 0.80068 (Sens = 0.666667, Spec = 0.934694)
Average training performance after CV: 0.952974
Average generalization performance after CV: 0.8796

CV with -t 0 -g 0.000000e+00 -c 1.778279e-04 -w-1 1 -w1 1 -q -e 1.000000e-03...splitting data into training/test folds.
........
training with -t 0 -g 0.000000e+00 -c 1.778279e-04 -w-1 1 -w1 6.480000e+01 -q -e 1.000000e-03
training performance:
Accuracy = 95.9726% (1263/1316) (classification)
BAC = 0.979552 (Sens = 1, Spec = 0.959105)
testing performance:
Accuracy = 96% (336/350) (classification)
BAC = 0.979592 (Sens = 1, Spec = 0.959184)
training with -t 0 -g 0.000000e+00 -c 1.778279e-04 -w-1 1 -w1 5.581818e+01 -q -e 1.000000e-03
training performance:
Accuracy = 96.24% (1203/1250) (classification)
BAC = 0.980863 (Sens = 1, Spec = 0.961726)
testing performance:
Accuracy = 96.3942% (401/416) (classification)
BAC = 0.981752 (Sens = 1, Spec = 0.963504)
training with -t 0 -g 0.000000e+00 -c 1.778279e-04 -w-1 1 -w1 6.278947e+01 -q -e 1.000000e-03
training performance:
Accuracy = 97.2772% (1179/1212) (classification)
BAC = 0.986169 (Sens = 1, Spec = 0.972339)
testing performance:
Accuracy = 95.3744% (433/454) (classification)
BAC = 0.976457 (Sens = 1, Spec = 0.952915)
training with -t 0 -g 0.000000e+00 -c 1.778279e-04 -w-1 1 -w1 6.000000e+01 -q -e 1.000000e-03
training performance:
Accuracy = 97.7049% (1192/1220) (classification)
BAC = 0.988333 (Sens = 1, Spec = 0.976667)
testing performance:
Accuracy = 98.2063% (438/446) (classification)
BAC = 0.850309 (Sens = 0.714286, Spec = 0.986333)
Average training performance after CV: 0.98373
Average generalization performance after CV: 0.947028

CV with -t 0 -g 0.000000e+00 -c 3.162278e-03 -w-1 1 -w1 1 -q -e 1.000000e-03...splitting data into training/test folds.
........
training with -t 0 -g 0.000000e+00 -c 3.162278e-03 -w-1 1 -w1 6.305000e+01 -q -e 1.000000e-03
training performance:
Accuracy = 98.9852% (1268/1281) (classification)
BAC = 0.994845 (Sens = 1, Spec = 0.989691)
testing performance:
Accuracy = 98.7013% (380/385) (classification)
BAC = 0.993386 (Sens = 1, Spec = 0.986772)
training with -t 0 -g 0.000000e+00 -c 3.162278e-03 -w-1 1 -w1 6.563158e+01 -q -e 1.000000e-03
training performance:
Accuracy = 99.5261% (1260/1266) (classification)
BAC = 0.997594 (Sens = 1, Spec = 0.995188)
testing performance:
Accuracy = 98.75% (395/400) (classification)
BAC = 0.809949 (Sens = 0.625, Spec = 0.994898)
training with -t 0 -g 0.000000e+00 -c 3.162278e-03 -w-1 1 -w1 5.263636e+01 -q -e 1.000000e-03
training performance:
Accuracy = 99.4068% (1173/1180) (classification)
BAC = 0.996978 (Sens = 1, Spec = 0.993955)
testing performance:
Accuracy = 98.9712% (481/486) (classification)
BAC = 0.796881 (Sens = 0.6, Spec = 0.993763)
CV run cannot reach best value any more, aborting
Average training performance after CV: 0.997354
Average generalization performance after CV: 0.900054

CV with -t 0 -g 0.000000e+00 -c 5.623413e-02 -w-1 1 -w1 1 -q -e 1.000000e-03...splitting data into training/test folds.
........
training with -t 0 -g 0.000000e+00 -c 5.623413e-02 -w-1 1 -w1 6.255000e+01 -q -e 1.000000e-03
training performance:
Accuracy = 99.6853% (1267/1271) (classification)
BAC = 0.998401 (Sens = 1, Spec = 0.996803)
testing performance:
Accuracy = 98.9873% (391/395) (classification)
BAC = 0.994845 (Sens = 1, Spec = 0.989691)
training with -t 0 -g 0.000000e+00 -c 5.623413e-02 -w-1 1 -w1 6.452632e+01 -q -e 1.000000e-03
training performance:
Accuracy = 99.9197% (1244/1245) (classification)
BAC = 0.999592 (Sens = 1, Spec = 0.999184)
testing performance:
Accuracy = 98.5748% (415/421) (classification)
BAC = 0.686289 (Sens = 0.375, Spec = 0.997579)
CV run cannot reach best value any more, aborting
Average training performance after CV: 0.999498
Average generalization performance after CV: 0.920284

CV with -t 0 -g 0.000000e+00 -c 1.000000e+00 -w-1 1 -w1 1 -q -e 1.000000e-03...splitting data into training/test folds.
........
training with -t 0 -g 0.000000e+00 -c 1.000000e+00 -w-1 1 -w1 5.813636e+01 -q -e 1.000000e-03
training performance:
Accuracy = 100% (1301/1301) (classification)
BAC = 1 (Sens = 1, Spec = 1)
testing performance:
Accuracy = 99.1781% (362/365) (classification)
BAC = 0.798611 (Sens = 0.6, Spec = 0.997222)
training with -t 0 -g 0.000000e+00 -c 1.000000e+00 -w-1 1 -w1 6.320000e+01 -q -e 1.000000e-03
training performance:
Accuracy = 100% (1284/1284) (classification)
BAC = 1 (Sens = 1, Spec = 1)
testing performance:
Accuracy = 98.1675% (375/382) (classification)
BAC = 0.64019 (Sens = 0.285714, Spec = 0.994667)
CV run cannot reach best value any more, aborting
Average training performance after CV: 1
Average generalization performance after CV: 0.8597

CV with -t 0 -g 0.000000e+00 -c 1.778279e+01 -w-1 1 -w1 1 -q -e 1.000000e-03...splitting data into training/test folds.
........
training with -t 0 -g 0.000000e+00 -c 1.778279e+01 -w-1 1 -w1 7.047059e+01 -q -e 1.000000e-03
training performance:
Accuracy = 100% (1215/1215) (classification)
BAC = 1 (Sens = 1, Spec = 1)
testing performance:
Accuracy = 98.0044% (442/451) (classification)
BAC = 0.598866 (Sens = 0.2, Spec = 0.997732)
CV run cannot reach best value any more, aborting
Average training performance after CV: 1
Average generalization performance after CV: 0.899717

CV with -t 0 -g 0.000000e+00 -c 3.162278e+02 -w-1 1 -w1 1 -q -e 1.000000e-03...splitting data into training/test folds.
........
training with -t 0 -g 0.000000e+00 -c 3.162278e+02 -w-1 1 -w1 5.552381e+01 -q -e 1.000000e-03
training performance:
Accuracy = 100% (1187/1187) (classification)
BAC = 1 (Sens = 1, Spec = 1)
testing performance:
Accuracy = 98.5386% (472/479) (classification)
BAC = 0.498943 (Sens = 0, Spec = 0.997886)
CV run cannot reach best value any more, aborting
Average training performance after CV: 1
Average generalization performance after CV: 0.874736

CV with -t 0 -g 0.000000e+00 -c 5.623413e+03 -w-1 1 -w1 1 -q -e 1.000000e-03...splitting data into training/test folds.
........
training with -t 0 -g 0.000000e+00 -c 5.623413e+03 -w-1 1 -w1 5.663636e+01 -q -e 1.000000e-03
training performance:
Accuracy = 100% (1268/1268) (classification)
BAC = 1 (Sens = 1, Spec = 1)
testing performance:
Accuracy = 99.2462% (395/398) (classification)
BAC = 0.996183 (Sens = 1, Spec = 0.992366)
training with -t 0 -g 0.000000e+00 -c 5.623413e+03 -w-1 1 -w1 6.195000e+01 -q -e 1.000000e-03
training performance:
Accuracy = 100% (1259/1259) (classification)
BAC = 1 (Sens = 1, Spec = 1)
testing performance:
Accuracy = 97.7887% (398/407) (classification)
BAC = 0.918571 (Sens = 0.857143, Spec = 0.98)
training with -t 0 -g 0.000000e+00 -c 5.623413e+03 -w-1 1 -w1 6.710526e+01 -q -e 1.000000e-03
training performance:
Accuracy = 100% (1294/1294) (classification)
BAC = 1 (Sens = 1, Spec = 1)
testing performance:
Accuracy = 98.6559% (367/372) (classification)
BAC = 0.6875 (Sens = 0.375, Spec = 1)
CV run cannot reach best value any more, aborting
Average training performance after CV: 1
Average generalization performance after CV: 0.900564

CV with -t 0 -g 0.000000e+00 -c 1.000000e+05 -w-1 1 -w1 1 -q -e 1.000000e-03...splitting data into training/test folds.
........
training with -t 0 -g 0.000000e+00 -c 1.000000e+05 -w-1 1 -w1 5.212500e+01 -q -e 1.000000e-03
training performance:
Accuracy = 100% (1275/1275) (classification)
BAC = 1 (Sens = 1, Spec = 1)
testing performance:
Accuracy = 98.977% (387/391) (classification)
BAC = 0.994845 (Sens = 1, Spec = 0.989691)
training with -t 0 -g 0.000000e+00 -c 1.000000e+05 -w-1 1 -w1 6.145000e+01 -q -e 1.000000e-03
training performance:
Accuracy = 100% (1249/1249) (classification)
BAC = 1 (Sens = 1, Spec = 1)
testing performance:
Accuracy = 99.5204% (415/417) (classification)
BAC = 0.857143 (Sens = 0.714286, Spec = 1)
training with -t 0 -g 0.000000e+00 -c 1.000000e+05 -w-1 1 -w1 7.027778e+01 -q -e 1.000000e-03
training performance:
Accuracy = 100% (1283/1283) (classification)
BAC = 1 (Sens = 1, Spec = 1)
testing performance:
Accuracy = 98.6945% (378/383) (classification)
BAC = 0.776441 (Sens = 0.555556, Spec = 0.997326)
CV run cannot reach best value any more, aborting
Average training performance after CV: 1
Average generalization performance after CV: 0.907107

training with best hyperparameters (CV gen prediction: 0.947028)
training with -t 0 -g 0.000000e+00 -c 1.778279e-04 -w-1 1 -w1 6.070370e+01 -q -e 1.000000e-03
training performance:
Accuracy = 97.0588% (1617/1666) (classification)
BAC = 0.985052 (Sens = 1, Spec = 0.970104)

4. run of generalization assessment CV -- testing
Accuracy = 95.3405% (532/558) (classification)
BAC = 0.976449 (Sens = 1, Spec = 0.952899)

Training perfomance as evaluated by 4-fold CV is 0.988791 +-0.0053877

Generalization perfomance as evaluated by 4-fold CV is 0.96146 +-0.0425965
Prediction of CV was 0.962847 +-0.0127184

training model on whole dataset
grid search for best hyperparameters


CV with -t 0 -g 0.000000e+00 -c 1.000000e-05 -w-1 1 -w1 1 -q -e 1.000000e-03...splitting data into training/test folds.
........
training with -t 0 -g 0.000000e+00 -c 1.000000e-05 -w-1 1 -w1 6.218519e+01 -q -e 1.000000e-03
training performance:
Accuracy = 90.8558% (1550/1706) (classification)
BAC = 0.953544 (Sens = 1, Spec = 0.907088)
testing performance:
Accuracy = 94.4015% (489/518) (classification)
BAC = 0.806966 (Sens = 0.666667, Spec = 0.947266)
training with -t 0 -g 0.000000e+00 -c 1.000000e-05 -w-1 1 -w1 6.436000e+01 -q -e 1.000000e-03
training performance:
Accuracy = 92.9621% (1519/1634) (classification)
BAC = 0.924885 (Sens = 0.92, Spec = 0.92977)
testing performance:
Accuracy = 94.9153% (560/590) (classification)
BAC = 0.974227 (Sens = 1, Spec = 0.948454)
training with -t 0 -g 0.000000e+00 -c 1.000000e-05 -w-1 1 -w1 7.272727e+01 -q -e 1.000000e-03
training performance:
Accuracy = 94.328% (1530/1622) (classification)
BAC = 0.948835 (Sens = 0.954545, Spec = 0.943125)
testing performance:
Accuracy = 93.0233% (560/602) (classification)
BAC = 0.87525 (Sens = 0.818182, Spec = 0.932318)
training with -t 0 -g 0.000000e+00 -c 1.000000e-05 -w-1 1 -w1 6.740000e+01 -q -e 1.000000e-03
training performance:
Accuracy = 94.0936% (1609/1710) (classification)
BAC = 0.930623 (Sens = 0.92, Spec = 0.941246)
testing performance:
Accuracy = 88.5214% (455/514) (classification)
BAC = 0.9417 (Sens = 1, Spec = 0.883399)
Average training performance after CV: 0.939472
Average generalization performance after CV: 0.899536

CV with -t 0 -g 0.000000e+00 -c 1.778279e-04 -w-1 1 -w1 1 -q -e 1.000000e-03...splitting data into training/test folds.
........
training with -t 0 -g 0.000000e+00 -c 1.778279e-04 -w-1 1 -w1 6.496000e+01 -q -e 1.000000e-03
training performance:
Accuracy = 96.9679% (1599/1649) (classification)
BAC = 0.984606 (Sens = 1, Spec = 0.969212)
testing performance:
Accuracy = 97.3913% (560/575) (classification)
BAC = 0.986772 (Sens = 1, Spec = 0.973545)
training with -t 0 -g 0.000000e+00 -c 1.778279e-04 -w-1 1 -w1 6.704167e+01 -q -e 1.000000e-03
training performance:
Accuracy = 97.7955% (1597/1633) (classification)
BAC = 0.988813 (Sens = 1, Spec = 0.977626)
testing performance:
Accuracy = 97.8003% (578/591) (classification)
BAC = 0.879439 (Sens = 0.777778, Spec = 0.9811)
training with -t 0 -g 0.000000e+00 -c 1.778279e-04 -w-1 1 -w1 6.645833e+01 -q -e 1.000000e-03
training performance:
Accuracy = 96.4793% (1562/1619) (classification)
BAC = 0.982132 (Sens = 1, Spec = 0.964263)
testing performance:
Accuracy = 95.5372% (578/605) (classification)
BAC = 0.977349 (Sens = 1, Spec = 0.954698)
training with -t 0 -g 0.000000e+00 -c 1.778279e-04 -w-1 1 -w1 6.711538e+01 -q -e 1.000000e-03
training performance:
Accuracy = 97.4026% (1725/1771) (classification)
BAC = 0.986819 (Sens = 1, Spec = 0.973639)
testing performance:
Accuracy = 95.8057% (434/453) (classification)
BAC = 0.908392 (Sens = 0.857143, Spec = 0.959641)
Average training performance after CV: 0.985592
Average generalization performance after CV: 0.937988

CV with -t 0 -g 0.000000e+00 -c 3.162278e-03 -w-1 1 -w1 1 -q -e 1.000000e-03...splitting data into training/test folds.
........
training with -t 0 -g 0.000000e+00 -c 3.162278e-03 -w-1 1 -w1 6.436000e+01 -q -e 1.000000e-03
training performance:
Accuracy = 99.388% (1624/1634) (classification)
BAC = 0.996892 (Sens = 1, Spec = 0.993785)
testing performance:
Accuracy = 98.6441% (582/590) (classification)
BAC = 0.993127 (Sens = 1, Spec = 0.986254)
training with -t 0 -g 0.000000e+00 -c 3.162278e-03 -w-1 1 -w1 6.476000e+01 -q -e 1.000000e-03
training performance:
Accuracy = 99.2092% (1631/1644) (classification)
BAC = 0.995985 (Sens = 1, Spec = 0.99197)
testing performance:
Accuracy = 99.1379% (575/580) (classification)
BAC = 0.995629 (Sens = 1, Spec = 0.991259)
training with -t 0 -g 0.000000e+00 -c 3.162278e-03 -w-1 1 -w1 6.532000e+01 -q -e 1.000000e-03
training performance:
Accuracy = 99.4572% (1649/1658) (classification)
BAC = 0.997244 (Sens = 1, Spec = 0.994489)
testing performance:
Accuracy = 98.9399% (560/566) (classification)
BAC = 0.809812 (Sens = 0.625, Spec = 0.994624)
training with -t 0 -g 0.000000e+00 -c 3.162278e-03 -w-1 1 -w1 7.133333e+01 -q -e 1.000000e-03
training performance:
Accuracy = 99.0783% (1720/1736) (classification)
BAC = 0.995327 (Sens = 1, Spec = 0.990654)
testing performance:
Accuracy = 99.3852% (485/488) (classification)
BAC = 0.996868 (Sens = 1, Spec = 0.993737)
Average training performance after CV: 0.996362
Average generalization performance after CV: 0.948859

CV with -t 0 -g 0.000000e+00 -c 5.623413e-02 -w-1 1 -w1 1 -q -e 1.000000e-03...splitting data into training/test folds.
........
training with -t 0 -g 0.000000e+00 -c 5.623413e-02 -w-1 1 -w1 6.908333e+01 -q -e 1.000000e-03
training performance:
Accuracy = 99.9405% (1681/1682) (classification)
BAC = 0.999698 (Sens = 1, Spec = 0.999397)
testing performance:
Accuracy = 98.7085% (535/542) (classification)
BAC = 0.720346 (Sens = 0.444444, Spec = 0.996248)
CV run cannot reach best value any more, aborting
Average training performance after CV: 0.999925
Average generalization performance after CV: 0.930087

CV with -t 0 -g 0.000000e+00 -c 1.000000e+00 -w-1 1 -w1 1 -q -e 1.000000e-03...splitting data into training/test folds.
........
training with -t 0 -g 0.000000e+00 -c 1.000000e+00 -w-1 1 -w1 5.977778e+01 -q -e 1.000000e-03
training performance:
Accuracy = 100% (1641/1641) (classification)
BAC = 1 (Sens = 1, Spec = 1)
testing performance:
Accuracy = 99.3139% (579/583) (classification)
BAC = 0.8316 (Sens = 0.666667, Spec = 0.996534)
training with -t 0 -g 0.000000e+00 -c 1.000000e+00 -w-1 1 -w1 6.469231e+01 -q -e 1.000000e-03
training performance:
Accuracy = 100% (1708/1708) (classification)
BAC = 1 (Sens = 1, Spec = 1)
testing performance:
Accuracy = 98.6434% (509/516) (classification)
BAC = 0.852231 (Sens = 0.714286, Spec = 0.990177)
CV run cannot reach best value any more, aborting
Average training performance after CV: 1
Average generalization performance after CV: 0.920958

CV with -t 0 -g 0.000000e+00 -c 1.778279e+01 -w-1 1 -w1 1 -q -e 1.000000e-03...splitting data into training/test folds.
........
training with -t 0 -g 0.000000e+00 -c 1.778279e+01 -w-1 1 -w1 6.207692e+01 -q -e 1.000000e-03
training performance:
Accuracy = 100% (1640/1640) (classification)
BAC = 1 (Sens = 1, Spec = 1)
testing performance:
Accuracy = 98.6301% (576/584) (classification)
BAC = 0.781382 (Sens = 0.571429, Spec = 0.991334)
CV run cannot reach best value any more, aborting
Average training performance after CV: 1
Average generalization performance after CV: 0.945345

CV with -t 0 -g 0.000000e+00 -c 3.162278e+02 -w-1 1 -w1 1 -q -e 1.000000e-03...splitting data into training/test folds.
........
training with -t 0 -g 0.000000e+00 -c 3.162278e+02 -w-1 1 -w1 6.084615e+01 -q -e 1.000000e-03
training performance:
Accuracy = 100% (1608/1608) (classification)
BAC = 1 (Sens = 1, Spec = 1)
testing performance:
Accuracy = 99.026% (610/616) (classification)
BAC = 0.571429 (Sens = 0.142857, Spec = 1)
CV run cannot reach best value any more, aborting
Average training performance after CV: 1
Average generalization performance after CV: 0.892857

CV with -t 0 -g 0.000000e+00 -c 5.623413e+03 -w-1 1 -w1 1 -q -e 1.000000e-03...splitting data into training/test folds.
........
training with -t 0 -g 0.000000e+00 -c 5.623413e+03 -w-1 1 -w1 6.986957e+01 -q -e 1.000000e-03
training performance:
Accuracy = 100% (1630/1630) (classification)
BAC = 1 (Sens = 1, Spec = 1)
testing performance:
Accuracy = 99.3266% (590/594) (classification)
BAC = 0.849144 (Sens = 0.7, Spec = 0.998288)
training with -t 0 -g 0.000000e+00 -c 5.623413e+03 -w-1 1 -w1 7.221739e+01 -q -e 1.000000e-03
training performance:
Accuracy = 100% (1684/1684) (classification)
BAC = 1 (Sens = 1, Spec = 1)
testing performance:
Accuracy = 98.7037% (533/540) (classification)
BAC = 0.65 (Sens = 0.3, Spec = 1)
CV run cannot reach best value any more, aborting
Average training performance after CV: 1
Average generalization performance after CV: 0.874786

CV with -t 0 -g 0.000000e+00 -c 1.000000e+05 -w-1 1 -w1 1 -q -e 1.000000e-03...splitting data into training/test folds.
........
training with -t 0 -g 0.000000e+00 -c 1.000000e+05 -w-1 1 -w1 6.652000e+01 -q -e 1.000000e-03
training performance:
Accuracy = 100% (1688/1688) (classification)
BAC = 1 (Sens = 1, Spec = 1)
testing performance:
Accuracy = 98.694% (529/536) (classification)
BAC = 0.808712 (Sens = 0.625, Spec = 0.992424)
training with -t 0 -g 0.000000e+00 -c 1.000000e+05 -w-1 1 -w1 7.025000e+01 -q -e 1.000000e-03
training performance:
Accuracy = 100% (1710/1710) (classification)
BAC = 1 (Sens = 1, Spec = 1)
testing performance:
Accuracy = 99.0272% (509/514) (classification)
BAC = 0.776788 (Sens = 0.555556, Spec = 0.99802)
CV run cannot reach best value any more, aborting
Average training performance after CV: 1
Average generalization performance after CV: 0.896375

training with best hyperparameters (CV gen prediction: 0.948859)
training with -t 0 -g 0.000000e+00 -c 3.162278e-03 -w-1 1 -w1 6.639394e+01 -q -e 1.000000e-03
training performance:
Accuracy = 99.2356% (2207/2224) (classification)
BAC = 0.99612 (Sens = 1, Spec = 0.992241)

modelhashes = 

    'wp2hash: eb547dd9ed7ae4f4163db16b79fca818'
    'blockdatahash: 7a180c1876a00a3f70b5a184c2cd2e1c'
    'labelhash: 22112f21cb8342ed72d7ed90c0408841'
    'featureshash: 288c1b417cfe366c5c496810f015e7db'
    'splitdatahash: 295eec4ff06feeeda05dd9a49f99e9c2'
    'modelhash: 00c0c356871969599a0c45266e82e1ec'

