--------------------------------------------------------
--------------------------------------------------------
                                                 <strong>         niState          </strong>
                                                 <strong>__________________________</strong>

    <strong>wp2dataCreation.fsHz</strong>                         '44100'                   
    <strong>wp2dataCreation.nErbs</strong>                        '1'                       
    <strong>wp2dataCreation.nChannels</strong>                    '32'                      
    <strong>wp2dataCreation.mEarF</strong>                        'true'                    
    <strong>wp2dataCreation.fLowHz</strong>                       '80'                      
    <strong>wp2dataCreation.fHighHz</strong>                      '8000'                    
    <strong>wp2dataCreation.ihcMethod</strong>                    'halfwave'                
    <strong>wp2dataCreation.winSizeSec</strong>                   '0.02'                    
    <strong>wp2dataCreation.hopSizeSec</strong>                   '0.01'                    
    <strong>wp2dataCreation.winType</strong>                      'hann'                    
    <strong>wp2dataCreation.bNormRMS</strong>                     'false'                   
    <strong>wp2dataCreation.bAlign</strong>                       'false'                   
    <strong>wp2dataCreation.maxDelaySec</strong>                  '0.001'                   
    <strong>wp2dataCreation.strCues</strong>                      'ratemap_magnitude'       
    <strong>wp2dataCreation.strFeatures</strong>                  {}                        
    <strong>wp2dataCreation.angle</strong>                        '0'                       
    <strong>wp2dataCreation.head</strong>                         'QU_KEMAR_anechoic_3m.mat'
    <strong>blockCreation.blockSize</strong>                      '0.5'                     
    <strong>blockCreation.shiftSize</strong>                      '0.25'                    
    <strong>Labeling.minBlockToEventRatio</strong>                '0.8'                     
    <strong>featureCreation.function</strong>                     'msFeatures'              
    <strong>featureCreation.functionParam.derivations</strong>    '1'                       
    <strong>hyperParamSearch.epsilons</strong>                    '0.001'                   
    <strong>hyperParamSearch.cRange</strong>                      '[-5 5]'                  
    <strong>hyperParamSearch.gammaRange</strong>                  '[-12 3]'                 
    <strong>hyperParamSearch.kernels</strong>                     '0'                       
    <strong>hyperParamSearch.method</strong>                      'grid'                    
    <strong>hyperParamSearch.searchBudget</strong>                '9'                       
    <strong>hyperParamSearch.dataShare</strong>                   '1'                       
    <strong>hyperParamSearch.refineStages</strong>                '0'                       
    <strong>hyperParamSearch.folds</strong>                       '4'                       
    <strong>generalizationEstimation.folds</strong>               '4'                       

--------------------------------------------------------
wp2 processing of sounds
.................................................................................................................................................................................................................................................................................;
blockifying data
.................................................................................................................................................................................................................................................................................;
make labels .................................................................................................................................................................................................................................................................................;
make features;
splitting data into training/test folds.
........

1. run of generalization assessment CV -- training

grid search for best hyperparameters


CV with -t 0 -g 0.000000e+00 -c 1.000000e-05 -w-1 1 -w1 1 -q -e 1.000000e-03...splitting data into training/test folds.
........
training with -t 0 -g 0.000000e+00 -c 1.000000e-05 -w-1 1 -w1 5.387500e+01 -q -e 1.000000e-03
training performance:
Accuracy = 78.5877% (1035/1317) (classification)
BAC = 0.850058 (Sens = 0.916667, Spec = 0.783449)
testing performance:
Accuracy = 78.3654% (326/416) (classification)
BAC = 0.750178 (Sens = 0.714286, Spec = 0.78607)
training with -t 0 -g 0.000000e+00 -c 1.000000e-05 -w-1 1 -w1 3.975000e+01 -q -e 1.000000e-03
training performance:
Accuracy = 80.3681% (1048/1304) (classification)
BAC = 0.823211 (Sens = 0.84375, Spec = 0.802673)
testing performance:
Accuracy = 80.6527% (346/429) (classification)
BAC = 0.655437 (Sens = 0.5, Spec = 0.810875)
training with -t 0 -g 0.000000e+00 -c 1.000000e-05 -w-1 1 -w1 4.154839e+01 -q -e 1.000000e-03
training performance:
Accuracy = 47.536% (627/1319) (classification)
BAC = 0.731366 (Sens = 1, Spec = 0.462733)
testing performance:
Accuracy = 48.0676% (199/414) (classification)
BAC = 0.735872 (Sens = 1, Spec = 0.471744)
training with -t 0 -g 0.000000e+00 -c 1.000000e-05 -w-1 1 -w1 4.562963e+01 -q -e 1.000000e-03
training performance:
Accuracy = 56.7911% (715/1259) (classification)
BAC = 0.779221 (Sens = 1, Spec = 0.558442)
testing performance:
Accuracy = 57.384% (272/474) (classification)
BAC = 0.781857 (Sens = 1, Spec = 0.563715)
Average training performance after CV: 0.795964
Average generalization performance after CV: 0.730836

CV with -t 0 -g 0.000000e+00 -c 1.778279e-04 -w-1 1 -w1 1 -q -e 1.000000e-03...splitting data into training/test folds.
........
training with -t 0 -g 0.000000e+00 -c 1.778279e-04 -w-1 1 -w1 4.309677e+01 -q -e 1.000000e-03
training performance:
Accuracy = 84.7842% (1159/1367) (classification)
BAC = 0.859137 (Sens = 0.870968, Spec = 0.847305)
testing performance:
Accuracy = 80.8743% (296/366) (classification)
BAC = 0.832471 (Sens = 0.857143, Spec = 0.807799)
training with -t 0 -g 0.000000e+00 -c 1.778279e-04 -w-1 1 -w1 4.217241e+01 -q -e 1.000000e-03
training performance:
Accuracy = 83.7859% (1049/1252) (classification)
BAC = 0.849677 (Sens = 0.862069, Spec = 0.837285)
testing performance:
Accuracy = 86.0707% (414/481) (classification)
BAC = 0.874529 (Sens = 0.888889, Spec = 0.860169)
training with -t 0 -g 0.000000e+00 -c 1.778279e-04 -w-1 1 -w1 4.585185e+01 -q -e 1.000000e-03
training performance:
Accuracy = 84.0316% (1063/1265) (classification)
BAC = 0.882188 (Sens = 0.925926, Spec = 0.838449)
testing performance:
Accuracy = 81.1966% (380/468) (classification)
BAC = 0.814999 (Sens = 0.818182, Spec = 0.811816)
training with -t 0 -g 0.000000e+00 -c 1.778279e-04 -w-1 1 -w1 4.770370e+01 -q -e 1.000000e-03
training performance:
Accuracy = 82.7376% (1088/1315) (classification)
BAC = 0.857488 (Sens = 0.888889, Spec = 0.826087)
testing performance:
Accuracy = 82.7751% (346/418) (classification)
BAC = 0.823096 (Sens = 0.818182, Spec = 0.82801)
Average training performance after CV: 0.862122
Average generalization performance after CV: 0.836274

CV with -t 0 -g 0.000000e+00 -c 3.162278e-03 -w-1 1 -w1 1 -q -e 1.000000e-03...splitting data into training/test folds.
........
training with -t 0 -g 0.000000e+00 -c 3.162278e-03 -w-1 1 -w1 5.188462e+01 -q -e 1.000000e-03
training performance:
Accuracy = 95.3455% (1311/1375) (classification)
BAC = 0.976279 (Sens = 1, Spec = 0.952557)
testing performance:
Accuracy = 88.2682% (316/358) (classification)
BAC = 0.577312 (Sens = 0.25, Spec = 0.904624)
training with -t 0 -g 0.000000e+00 -c 3.162278e-03 -w-1 1 -w1 4.585714e+01 -q -e 1.000000e-03
training performance:
Accuracy = 94.8933% (1245/1312) (classification)
BAC = 0.97391 (Sens = 1, Spec = 0.947819)
testing performance:
Accuracy = 93.1116% (392/421) (classification)
BAC = 0.574453 (Sens = 0.2, Spec = 0.948905)
CV run cannot reach best value any more, aborting
Average training performance after CV: 0.987547
Average generalization performance after CV: 0.787941

CV with -t 0 -g 0.000000e+00 -c 5.623413e-02 -w-1 1 -w1 1 -q -e 1.000000e-03...splitting data into training/test folds.
........
training with -t 0 -g 0.000000e+00 -c 5.623413e-02 -w-1 1 -w1 4.248276e+01 -q -e 1.000000e-03
training performance:
Accuracy = 98.3347% (1240/1261) (classification)
BAC = 0.991477 (Sens = 1, Spec = 0.982955)
testing performance:
Accuracy = 90.0424% (425/472) (classification)
BAC = 0.676866 (Sens = 0.444444, Spec = 0.909287)
training with -t 0 -g 0.000000e+00 -c 5.623413e-02 -w-1 1 -w1 4.844444e+01 -q -e 1.000000e-03
training performance:
Accuracy = 98.5768% (1316/1335) (classification)
BAC = 0.992737 (Sens = 1, Spec = 0.985474)
testing performance:
Accuracy = 91.9598% (366/398) (classification)
BAC = 0.737844 (Sens = 0.545455, Spec = 0.930233)
training with -t 0 -g 0.000000e+00 -c 5.623413e-02 -w-1 1 -w1 4.535714e+01 -q -e 1.000000e-03
training performance:
Accuracy = 99.3837% (1290/1298) (classification)
BAC = 0.99685 (Sens = 1, Spec = 0.993701)
testing performance:
Accuracy = 94.9425% (413/435) (classification)
BAC = 0.583529 (Sens = 0.2, Spec = 0.967059)
CV run cannot reach best value any more, aborting
Average training performance after CV: 0.995266
Average generalization performance after CV: 0.74956

CV with -t 0 -g 0.000000e+00 -c 1.000000e+00 -w-1 1 -w1 1 -q -e 1.000000e-03...splitting data into training/test folds.
........
training with -t 0 -g 0.000000e+00 -c 1.000000e+00 -w-1 1 -w1 4.081250e+01 -q -e 1.000000e-03
training performance:
Accuracy = 100% (1338/1338) (classification)
BAC = 1 (Sens = 1, Spec = 1)
testing performance:
Accuracy = 85.3165% (337/395) (classification)
BAC = 0.679306 (Sens = 0.5, Spec = 0.858612)
training with -t 0 -g 0.000000e+00 -c 1.000000e+00 -w-1 1 -w1 4.464286e+01 -q -e 1.000000e-03
training performance:
Accuracy = 100% (1278/1278) (classification)
BAC = 1 (Sens = 1, Spec = 1)
testing performance:
Accuracy = 97.8022% (445/455) (classification)
BAC = 0.695506 (Sens = 0.4, Spec = 0.991011)
training with -t 0 -g 0.000000e+00 -c 1.000000e+00 -w-1 1 -w1 4.996000e+01 -q -e 1.000000e-03
training performance:
Accuracy = 100% (1274/1274) (classification)
BAC = 1 (Sens = 1, Spec = 1)
testing performance:
Accuracy = 93.8998% (431/459) (classification)
BAC = 0.595205 (Sens = 0.230769, Spec = 0.959641)
CV run cannot reach best value any more, aborting
Average training performance after CV: 1
Average generalization performance after CV: 0.742504

CV with -t 0 -g 0.000000e+00 -c 1.778279e+01 -w-1 1 -w1 1 -q -e 1.000000e-03...splitting data into training/test folds.
........
training with -t 0 -g 0.000000e+00 -c 1.778279e+01 -w-1 1 -w1 4.700000e+01 -q -e 1.000000e-03
training performance:
Accuracy = 100% (1296/1296) (classification)
BAC = 1 (Sens = 1, Spec = 1)
testing performance:
Accuracy = 92.4485% (404/437) (classification)
BAC = 0.474178 (Sens = 0, Spec = 0.948357)
training with -t 0 -g 0.000000e+00 -c 1.778279e+01 -w-1 1 -w1 4.600000e+01 -q -e 1.000000e-03
training performance:
Accuracy = 100% (1316/1316) (classification)
BAC = 1 (Sens = 1, Spec = 1)
testing performance:
Accuracy = 97.6019% (407/417) (classification)
BAC = 0.743857 (Sens = 0.5, Spec = 0.987715)
CV run cannot reach best value any more, aborting
Average training performance after CV: 1
Average generalization performance after CV: 0.804509

CV with -t 0 -g 0.000000e+00 -c 3.162278e+02 -w-1 1 -w1 1 -q -e 1.000000e-03...splitting data into training/test folds.
........
training with -t 0 -g 0.000000e+00 -c 3.162278e+02 -w-1 1 -w1 4.220000e+01 -q -e 1.000000e-03
training performance:
Accuracy = 100% (1296/1296) (classification)
BAC = 1 (Sens = 1, Spec = 1)
testing performance:
Accuracy = 97.4828% (426/437) (classification)
BAC = 0.496503 (Sens = 0, Spec = 0.993007)
training with -t 0 -g 0.000000e+00 -c 3.162278e+02 -w-1 1 -w1 4.216129e+01 -q -e 1.000000e-03
training performance:
Accuracy = 100% (1338/1338) (classification)
BAC = 1 (Sens = 1, Spec = 1)
testing performance:
Accuracy = 95.443% (377/395) (classification)
BAC = 0.626105 (Sens = 0.285714, Spec = 0.966495)
CV run cannot reach best value any more, aborting
Average training performance after CV: 1
Average generalization performance after CV: 0.780652

CV with -t 0 -g 0.000000e+00 -c 5.623413e+03 -w-1 1 -w1 1 -q -e 1.000000e-03...splitting data into training/test folds.
........
training with -t 0 -g 0.000000e+00 -c 5.623413e+03 -w-1 1 -w1 3.875000e+01 -q -e 1.000000e-03
training performance:
Accuracy = 100% (1272/1272) (classification)
BAC = 1 (Sens = 1, Spec = 1)
testing performance:
Accuracy = 88.0694% (406/461) (classification)
BAC = 0.775092 (Sens = 0.666667, Spec = 0.883516)
training with -t 0 -g 0.000000e+00 -c 5.623413e+03 -w-1 1 -w1 5.008000e+01 -q -e 1.000000e-03
training performance:
Accuracy = 100% (1277/1277) (classification)
BAC = 1 (Sens = 1, Spec = 1)
testing performance:
Accuracy = 93.8596% (428/456) (classification)
BAC = 0.48307 (Sens = 0, Spec = 0.96614)
CV run cannot reach best value any more, aborting
Average training performance after CV: 1
Average generalization performance after CV: 0.81454

CV with -t 0 -g 0.000000e+00 -c 1.000000e+05 -w-1 1 -w1 1 -q -e 1.000000e-03...splitting data into training/test folds.
........
training with -t 0 -g 0.000000e+00 -c 1.000000e+05 -w-1 1 -w1 4.160000e+01 -q -e 1.000000e-03
training performance:
Accuracy = 100% (1278/1278) (classification)
BAC = 1 (Sens = 1, Spec = 1)
testing performance:
Accuracy = 98.4615% (448/455) (classification)
BAC = 0.685263 (Sens = 0.375, Spec = 0.995526)
training with -t 0 -g 0.000000e+00 -c 1.000000e+05 -w-1 1 -w1 4.532143e+01 -q -e 1.000000e-03
training performance:
Accuracy = 100% (1297/1297) (classification)
BAC = 1 (Sens = 1, Spec = 1)
testing performance:
Accuracy = 93.3486% (407/436) (classification)
BAC = 0.575352 (Sens = 0.2, Spec = 0.950704)
CV run cannot reach best value any more, aborting
Average training performance after CV: 1
Average generalization performance after CV: 0.815154

training with best hyperparameters (CV gen prediction: 0.836274)
training with -t 0 -g 0.000000e+00 -c 1.778279e-04 -w-1 1 -w1 4.471053e+01 -q -e 1.000000e-03
training performance:
Accuracy = 83.7651% (1455/1737) (classification)
BAC = 0.852692 (Sens = 0.868421, Spec = 0.836963)

1. run of generalization assessment CV -- testing
Accuracy = 87.6471% (447/510) (classification)
BAC = 0.90404 (Sens = 0.933333, Spec = 0.874747)

2. run of generalization assessment CV -- training

grid search for best hyperparameters


CV with -t 0 -g 0.000000e+00 -c 1.000000e-05 -w-1 1 -w1 1 -q -e 1.000000e-03...splitting data into training/test folds.
........
training with -t 0 -g 0.000000e+00 -c 1.000000e-05 -w-1 1 -w1 3.883871e+01 -q -e 1.000000e-03
training performance:
Accuracy = 68.8259% (850/1235) (classification)
BAC = 0.792975 (Sens = 0.903226, Spec = 0.682724)
testing performance:
Accuracy = 61.4815% (249/405) (classification)
BAC = 0.753797 (Sens = 0.9, Spec = 0.607595)
training with -t 0 -g 0.000000e+00 -c 1.000000e-05 -w-1 1 -w1 4.146667e+01 -q -e 1.000000e-03
training performance:
Accuracy = 70.5651% (899/1274) (classification)
BAC = 0.784218 (Sens = 0.866667, Spec = 0.701768)
testing performance:
Accuracy = 59.5628% (218/366) (classification)
BAC = 0.791549 (Sens = 1, Spec = 0.583099)
training with -t 0 -g 0.000000e+00 -c 1.000000e-05 -w-1 1 -w1 3.818750e+01 -q -e 1.000000e-03
training performance:
Accuracy = 67.3844% (845/1254) (classification)
BAC = 0.80222 (Sens = 0.9375, Spec = 0.666939)
testing performance:
Accuracy = 72.7979% (281/386) (classification)
BAC = 0.752284 (Sens = 0.777778, Spec = 0.72679)
training with -t 0 -g 0.000000e+00 -c 1.000000e-05 -w-1 1 -w1 3.756667e+01 -q -e 1.000000e-03
training performance:
Accuracy = 46.6724% (540/1157) (classification)
BAC = 0.726264 (Sens = 1, Spec = 0.452529)
testing performance:
Accuracy = 63.147% (305/483) (classification)
BAC = 0.811441 (Sens = 1, Spec = 0.622881)
Average training performance after CV: 0.776419
Average generalization performance after CV: 0.777268

CV with -t 0 -g 0.000000e+00 -c 1.778279e-04 -w-1 1 -w1 1 -q -e 1.000000e-03...splitting data into training/test folds.
........
training with -t 0 -g 0.000000e+00 -c 1.778279e-04 -w-1 1 -w1 4.019355e+01 -q -e 1.000000e-03
training performance:
Accuracy = 83.4769% (1066/1277) (classification)
BAC = 0.868146 (Sens = 0.903226, Spec = 0.833066)
testing performance:
Accuracy = 79.6143% (289/363) (classification)
BAC = 0.798017 (Sens = 0.8, Spec = 0.796034)
training with -t 0 -g 0.000000e+00 -c 1.778279e-04 -w-1 1 -w1 3.917241e+01 -q -e 1.000000e-03
training performance:
Accuracy = 85.0644% (991/1165) (classification)
BAC = 0.856211 (Sens = 0.862069, Spec = 0.850352)
testing performance:
Accuracy = 89.0526% (423/475) (classification)
BAC = 0.903258 (Sens = 0.916667, Spec = 0.889849)
training with -t 0 -g 0.000000e+00 -c 1.778279e-04 -w-1 1 -w1 3.660606e+01 -q -e 1.000000e-03
training performance:
Accuracy = 85.5761% (1062/1241) (classification)
BAC = 0.86696 (Sens = 0.878788, Spec = 0.855132)
testing performance:
Accuracy = 80.4511% (321/399) (classification)
BAC = 0.777813 (Sens = 0.75, Spec = 0.805627)
training with -t 0 -g 0.000000e+00 -c 1.778279e-04 -w-1 1 -w1 4.023333e+01 -q -e 1.000000e-03
training performance:
Accuracy = 85.8529% (1062/1237) (classification)
BAC = 0.862497 (Sens = 0.866667, Spec = 0.858326)
testing performance:
Accuracy = 87.3449% (352/403) (classification)
BAC = 0.89077 (Sens = 0.909091, Spec = 0.872449)
Average training performance after CV: 0.863453
Average generalization performance after CV: 0.842464

CV with -t 0 -g 0.000000e+00 -c 3.162278e-03 -w-1 1 -w1 1 -q -e 1.000000e-03...splitting data into training/test folds.
........
training with -t 0 -g 0.000000e+00 -c 3.162278e-03 -w-1 1 -w1 3.850000e+01 -q -e 1.000000e-03
training performance:
Accuracy = 93.75% (1185/1264) (classification)
BAC = 0.967938 (Sens = 1, Spec = 0.935877)
testing performance:
Accuracy = 94.4149% (355/376) (classification)
BAC = 0.80881 (Sens = 0.666667, Spec = 0.950954)
training with -t 0 -g 0.000000e+00 -c 3.162278e-03 -w-1 1 -w1 4.046667e+01 -q -e 1.000000e-03
training performance:
Accuracy = 93.8103% (1167/1244) (classification)
BAC = 0.952032 (Sens = 0.966667, Spec = 0.937397)
testing performance:
Accuracy = 87.1212% (345/396) (classification)
BAC = 0.712987 (Sens = 0.545455, Spec = 0.880519)
training with -t 0 -g 0.000000e+00 -c 3.162278e-03 -w-1 1 -w1 3.616129e+01 -q -e 1.000000e-03
training performance:
Accuracy = 91.6667% (1056/1152) (classification)
BAC = 0.957181 (Sens = 1, Spec = 0.914362)
testing performance:
Accuracy = 91.8033% (448/488) (classification)
BAC = 0.860251 (Sens = 0.8, Spec = 0.920502)
training with -t 0 -g 0.000000e+00 -c 3.162278e-03 -w-1 1 -w1 4.100000e+01 -q -e 1.000000e-03
training performance:
Accuracy = 95.9524% (1209/1260) (classification)
BAC = 0.979268 (Sens = 1, Spec = 0.958537)
testing performance:
Accuracy = 92.8947% (353/380) (classification)
BAC = 0.787017 (Sens = 0.636364, Spec = 0.937669)
Average training performance after CV: 0.964105
Average generalization performance after CV: 0.792266

CV with -t 0 -g 0.000000e+00 -c 5.623413e-02 -w-1 1 -w1 1 -q -e 1.000000e-03...splitting data into training/test folds.
........
training with -t 0 -g 0.000000e+00 -c 5.623413e-02 -w-1 1 -w1 4.533333e+01 -q -e 1.000000e-03
training performance:
Accuracy = 99.2806% (1242/1251) (classification)
BAC = 0.996324 (Sens = 1, Spec = 0.992647)
testing performance:
Accuracy = 94.8586% (369/389) (classification)
BAC = 0.663905 (Sens = 0.357143, Spec = 0.970667)
training with -t 0 -g 0.000000e+00 -c 5.623413e-02 -w-1 1 -w1 3.834483e+01 -q -e 1.000000e-03
training performance:
Accuracy = 99.0359% (1130/1141) (classification)
BAC = 0.995054 (Sens = 1, Spec = 0.990108)
testing performance:
Accuracy = 88.5772% (442/499) (classification)
BAC = 0.656999 (Sens = 0.416667, Spec = 0.897331)
CV run cannot reach best value any more, aborting
Average training performance after CV: 0.997844
Average generalization performance after CV: 0.830226

CV with -t 0 -g 0.000000e+00 -c 1.000000e+00 -w-1 1 -w1 1 -q -e 1.000000e-03...splitting data into training/test folds.
........
training with -t 0 -g 0.000000e+00 -c 1.000000e+00 -w-1 1 -w1 4.437037e+01 -q -e 1.000000e-03
training performance:
Accuracy = 100% (1225/1225) (classification)
BAC = 1 (Sens = 1, Spec = 1)
testing performance:
Accuracy = 92.0482% (382/415) (classification)
BAC = 0.510777 (Sens = 0.0714286, Spec = 0.950125)
training with -t 0 -g 0.000000e+00 -c 1.000000e+00 -w-1 1 -w1 3.925806e+01 -q -e 1.000000e-03
training performance:
Accuracy = 100% (1248/1248) (classification)
BAC = 1 (Sens = 1, Spec = 1)
testing performance:
Accuracy = 95.4082% (374/392) (classification)
BAC = 0.684293 (Sens = 0.4, Spec = 0.968586)
CV run cannot reach best value any more, aborting
Average training performance after CV: 1
Average generalization performance after CV: 0.798767

CV with -t 0 -g 0.000000e+00 -c 1.778279e+01 -w-1 1 -w1 1 -q -e 1.000000e-03...splitting data into training/test folds.
........
training with -t 0 -g 0.000000e+00 -c 1.778279e+01 -w-1 1 -w1 3.812903e+01 -q -e 1.000000e-03
training performance:
Accuracy = 100% (1213/1213) (classification)
BAC = 1 (Sens = 1, Spec = 1)
testing performance:
Accuracy = 92.2717% (394/427) (classification)
BAC = 0.570024 (Sens = 0.2, Spec = 0.940048)
training with -t 0 -g 0.000000e+00 -c 1.778279e+01 -w-1 1 -w1 3.919355e+01 -q -e 1.000000e-03
training performance:
Accuracy = 100% (1246/1246) (classification)
BAC = 1 (Sens = 1, Spec = 1)
testing performance:
Accuracy = 94.6701% (373/394) (classification)
BAC = 0.631771 (Sens = 0.3, Spec = 0.963542)
CV run cannot reach best value any more, aborting
Average training performance after CV: 1
Average generalization performance after CV: 0.800449

CV with -t 0 -g 0.000000e+00 -c 3.162278e+02 -w-1 1 -w1 1 -q -e 1.000000e-03...splitting data into training/test folds.
........
training with -t 0 -g 0.000000e+00 -c 3.162278e+02 -w-1 1 -w1 4.068966e+01 -q -e 1.000000e-03
training performance:
Accuracy = 100% (1209/1209) (classification)
BAC = 1 (Sens = 1, Spec = 1)
testing performance:
Accuracy = 93.0394% (401/431) (classification)
BAC = 0.559467 (Sens = 0.166667, Spec = 0.952267)
training with -t 0 -g 0.000000e+00 -c 3.162278e+02 -w-1 1 -w1 3.754545e+01 -q -e 1.000000e-03
training performance:
Accuracy = 100% (1272/1272) (classification)
BAC = 1 (Sens = 1, Spec = 1)
testing performance:
Accuracy = 95.6522% (352/368) (classification)
BAC = 0.733333 (Sens = 0.5, Spec = 0.966667)
CV run cannot reach best value any more, aborting
Average training performance after CV: 1
Average generalization performance after CV: 0.8232

CV with -t 0 -g 0.000000e+00 -c 5.623413e+03 -w-1 1 -w1 1 -q -e 1.000000e-03...splitting data into training/test folds.
........
training with -t 0 -g 0.000000e+00 -c 5.623413e+03 -w-1 1 -w1 4.282759e+01 -q -e 1.000000e-03
training performance:
Accuracy = 100% (1271/1271) (classification)
BAC = 1 (Sens = 1, Spec = 1)
testing performance:
Accuracy = 93.7669% (346/369) (classification)
BAC = 0.685924 (Sens = 0.416667, Spec = 0.955182)
training with -t 0 -g 0.000000e+00 -c 5.623413e+03 -w-1 1 -w1 3.514706e+01 -q -e 1.000000e-03
training performance:
Accuracy = 100% (1229/1229) (classification)
BAC = 1 (Sens = 1, Spec = 1)
testing performance:
Accuracy = 95.1338% (391/411) (classification)
BAC = 0.554102 (Sens = 0.142857, Spec = 0.965347)
CV run cannot reach best value any more, aborting
Average training performance after CV: 1
Average generalization performance after CV: 0.810007

CV with -t 0 -g 0.000000e+00 -c 1.000000e+05 -w-1 1 -w1 1 -q -e 1.000000e-03...splitting data into training/test folds.
........
training with -t 0 -g 0.000000e+00 -c 1.000000e+05 -w-1 1 -w1 3.757576e+01 -q -e 1.000000e-03
training performance:
Accuracy = 100% (1273/1273) (classification)
BAC = 1 (Sens = 1, Spec = 1)
testing performance:
Accuracy = 89.3733% (328/367) (classification)
BAC = 0.823468 (Sens = 0.75, Spec = 0.896936)
training with -t 0 -g 0.000000e+00 -c 1.000000e+05 -w-1 1 -w1 4.188889e+01 -q -e 1.000000e-03
training performance:
Accuracy = 100% (1158/1158) (classification)
BAC = 1 (Sens = 1, Spec = 1)
testing performance:
Accuracy = 94.6058% (456/482) (classification)
BAC = 0.521825 (Sens = 0.0714286, Spec = 0.972222)
CV run cannot reach best value any more, aborting
Average training performance after CV: 1
Average generalization performance after CV: 0.836323

training with best hyperparameters (CV gen prediction: 0.842464)
training with -t 0 -g 0.000000e+00 -c 1.778279e-04 -w-1 1 -w1 3.909756e+01 -q -e 1.000000e-03
training performance:
Accuracy = 84.4891% (1389/1644) (classification)
BAC = 0.861046 (Sens = 0.878049, Spec = 0.844042)

2. run of generalization assessment CV -- testing
Accuracy = 82.2554% (496/603) (classification)
BAC = 0.868655 (Sens = 0.916667, Spec = 0.820643)

3. run of generalization assessment CV -- training

grid search for best hyperparameters


CV with -t 0 -g 0.000000e+00 -c 1.000000e-05 -w-1 1 -w1 1 -q -e 1.000000e-03...splitting data into training/test folds.
........
training with -t 0 -g 0.000000e+00 -c 1.000000e-05 -w-1 1 -w1 4.030000e+01 -q -e 1.000000e-03
training performance:
Accuracy = 78.7732% (976/1239) (classification)
BAC = 0.793714 (Sens = 0.8, Spec = 0.787428)
testing performance:
Accuracy = 80.203% (316/394) (classification)
BAC = 0.809874 (Sens = 0.818182, Spec = 0.801567)
training with -t 0 -g 0.000000e+00 -c 1.000000e-05 -w-1 1 -w1 4.172414e+01 -q -e 1.000000e-03
training performance:
Accuracy = 21.9532% (272/1239) (classification)
BAC = 0.600413 (Sens = 1, Spec = 0.200826)
testing performance:
Accuracy = 14.7208% (58/394) (classification)
BAC = 0.560209 (Sens = 1, Spec = 0.120419)
training with -t 0 -g 0.000000e+00 -c 1.000000e-05 -w-1 1 -w1 3.631250e+01 -q -e 1.000000e-03
training performance:
Accuracy = 94.1374% (1124/1194) (classification)
BAC = 0.696375 (Sens = 0.4375, Spec = 0.95525)
testing performance:
Accuracy = 96.3554% (423/439) (classification)
BAC = 0.709432 (Sens = 0.444444, Spec = 0.974419)
training with -t 0 -g 0.000000e+00 -c 1.000000e-05 -w-1 1 -w1 3.734375e+01 -q -e 1.000000e-03
training performance:
Accuracy = 87.6936% (1076/1227) (classification)
BAC = 0.830374 (Sens = 0.78125, Spec = 0.879498)
testing performance:
Accuracy = 78.5714% (319/406) (classification)
BAC = 0.618948 (Sens = 0.444444, Spec = 0.793451)
Average training performance after CV: 0.730219
Average generalization performance after CV: 0.674616

CV with -t 0 -g 0.000000e+00 -c 1.778279e-04 -w-1 1 -w1 1 -q -e 1.000000e-03...splitting data into training/test folds.
........
training with -t 0 -g 0.000000e+00 -c 1.778279e-04 -w-1 1 -w1 3.684375e+01 -q -e 1.000000e-03
training performance:
Accuracy = 84.8059% (1027/1211) (classification)
BAC = 0.845963 (Sens = 0.84375, Spec = 0.848176)
testing performance:
Accuracy = 76.0664% (321/422) (classification)
BAC = 0.877724 (Sens = 1, Spec = 0.755448)
training with -t 0 -g 0.000000e+00 -c 1.778279e-04 -w-1 1 -w1 4.324138e+01 -q -e 1.000000e-03
training performance:
Accuracy = 85.7366% (1100/1283) (classification)
BAC = 0.876506 (Sens = 0.896552, Spec = 0.856459)
testing performance:
Accuracy = 83.1429% (291/350) (classification)
BAC = 0.832347 (Sens = 0.833333, Spec = 0.831361)
training with -t 0 -g 0.000000e+00 -c 1.778279e-04 -w-1 1 -w1 3.690625e+01 -q -e 1.000000e-03
training performance:
Accuracy = 82.3578% (999/1213) (classification)
BAC = 0.863794 (Sens = 0.90625, Spec = 0.821338)
testing performance:
Accuracy = 86.4286% (363/420) (classification)
BAC = 0.713301 (Sens = 0.555556, Spec = 0.871046)
training with -t 0 -g 0.000000e+00 -c 1.778279e-04 -w-1 1 -w1 3.873333e+01 -q -e 1.000000e-03
training performance:
Accuracy = 82.3826% (982/1192) (classification)
BAC = 0.844693 (Sens = 0.866667, Spec = 0.822719)
testing performance:
Accuracy = 88.2086% (389/441) (classification)
BAC = 0.850951 (Sens = 0.818182, Spec = 0.883721)
Average training performance after CV: 0.857739
Average generalization performance after CV: 0.818581

CV with -t 0 -g 0.000000e+00 -c 3.162278e-03 -w-1 1 -w1 1 -q -e 1.000000e-03...splitting data into training/test folds.
........
training with -t 0 -g 0.000000e+00 -c 3.162278e-03 -w-1 1 -w1 4.222222e+01 -q -e 1.000000e-03
training performance:
Accuracy = 95.1157% (1110/1167) (classification)
BAC = 0.975 (Sens = 1, Spec = 0.95)
testing performance:
Accuracy = 89.485% (417/466) (classification)
BAC = 0.668932 (Sens = 0.428571, Spec = 0.909292)
training with -t 0 -g 0.000000e+00 -c 3.162278e-03 -w-1 1 -w1 4.022581e+01 -q -e 1.000000e-03
training performance:
Accuracy = 92.2535% (1179/1278) (classification)
BAC = 0.960305 (Sens = 1, Spec = 0.920609)
testing performance:
Accuracy = 90.1408% (320/355) (classification)
BAC = 0.949275 (Sens = 1, Spec = 0.898551)
training with -t 0 -g 0.000000e+00 -c 3.162278e-03 -w-1 1 -w1 3.703125e+01 -q -e 1.000000e-03
training performance:
Accuracy = 94.2482% (1147/1217) (classification)
BAC = 0.970464 (Sens = 1, Spec = 0.940928)
testing performance:
Accuracy = 84.6154% (352/416) (classification)
BAC = 0.541087 (Sens = 0.222222, Spec = 0.859951)
CV run cannot reach best value any more, aborting
Average training performance after CV: 0.976442
Average generalization performance after CV: 0.789823

CV with -t 0 -g 0.000000e+00 -c 5.623413e-02 -w-1 1 -w1 1 -q -e 1.000000e-03...splitting data into training/test folds.
........
training with -t 0 -g 0.000000e+00 -c 5.623413e-02 -w-1 1 -w1 3.841935e+01 -q -e 1.000000e-03
training performance:
Accuracy = 98.6907% (1206/1222) (classification)
BAC = 0.993283 (Sens = 1, Spec = 0.986566)
testing performance:
Accuracy = 97.3236% (400/411) (classification)
BAC = 0.547506 (Sens = 0.1, Spec = 0.995012)
training with -t 0 -g 0.000000e+00 -c 5.623413e-02 -w-1 1 -w1 3.572727e+01 -q -e 1.000000e-03
training performance:
Accuracy = 98.0198% (1188/1212) (classification)
BAC = 0.989822 (Sens = 1, Spec = 0.979644)
testing performance:
Accuracy = 93.3492% (393/421) (classification)
BAC = 0.659655 (Sens = 0.375, Spec = 0.94431)
CV run cannot reach best value any more, aborting
Average training performance after CV: 0.995776
Average generalization performance after CV: 0.80179

CV with -t 0 -g 0.000000e+00 -c 1.000000e+00 -w-1 1 -w1 1 -q -e 1.000000e-03...splitting data into training/test folds.
........
training with -t 0 -g 0.000000e+00 -c 1.000000e+00 -w-1 1 -w1 3.837500e+01 -q -e 1.000000e-03
training performance:
Accuracy = 100% (1260/1260) (classification)
BAC = 1 (Sens = 1, Spec = 1)
testing performance:
Accuracy = 93.2976% (348/373) (classification)
BAC = 0.478022 (Sens = 0, Spec = 0.956044)
training with -t 0 -g 0.000000e+00 -c 1.000000e+00 -w-1 1 -w1 3.527273e+01 -q -e 1.000000e-03
training performance:
Accuracy = 100% (1197/1197) (classification)
BAC = 1 (Sens = 1, Spec = 1)
testing performance:
Accuracy = 89.6789% (391/436) (classification)
BAC = 0.456776 (Sens = 0, Spec = 0.913551)
CV run cannot reach best value any more, aborting
Average training performance after CV: 1
Average generalization performance after CV: 0.733699

CV with -t 0 -g 0.000000e+00 -c 1.778279e+01 -w-1 1 -w1 1 -q -e 1.000000e-03...splitting data into training/test folds.
........
training with -t 0 -g 0.000000e+00 -c 1.778279e+01 -w-1 1 -w1 3.585294e+01 -q -e 1.000000e-03
training performance:
Accuracy = 100% (1253/1253) (classification)
BAC = 1 (Sens = 1, Spec = 1)
testing performance:
Accuracy = 97.3684% (370/380) (classification)
BAC = 0.636155 (Sens = 0.285714, Spec = 0.986595)
training with -t 0 -g 0.000000e+00 -c 1.778279e+01 -w-1 1 -w1 4.143333e+01 -q -e 1.000000e-03
training performance:
Accuracy = 100% (1273/1273) (classification)
BAC = 1 (Sens = 1, Spec = 1)
testing performance:
Accuracy = 92.5% (333/360) (classification)
BAC = 0.521099 (Sens = 0.0909091, Spec = 0.951289)
CV run cannot reach best value any more, aborting
Average training performance after CV: 1
Average generalization performance after CV: 0.789313

CV with -t 0 -g 0.000000e+00 -c 3.162278e+02 -w-1 1 -w1 1 -q -e 1.000000e-03...splitting data into training/test folds.
........
training with -t 0 -g 0.000000e+00 -c 3.162278e+02 -w-1 1 -w1 3.587879e+01 -q -e 1.000000e-03
training performance:
Accuracy = 100% (1217/1217) (classification)
BAC = 1 (Sens = 1, Spec = 1)
testing performance:
Accuracy = 67.3077% (280/416) (classification)
BAC = 0.465686 (Sens = 0.25, Spec = 0.681373)
training with -t 0 -g 0.000000e+00 -c 3.162278e+02 -w-1 1 -w1 3.653125e+01 -q -e 1.000000e-03
training performance:
Accuracy = 100% (1201/1201) (classification)
BAC = 1 (Sens = 1, Spec = 1)
testing performance:
Accuracy = 93.287% (403/432) (classification)
BAC = 0.530733 (Sens = 0.111111, Spec = 0.950355)
CV run cannot reach best value any more, aborting
Average training performance after CV: 1
Average generalization performance after CV: 0.749105

CV with -t 0 -g 0.000000e+00 -c 5.623413e+03 -w-1 1 -w1 1 -q -e 1.000000e-03...splitting data into training/test folds.
........
training with -t 0 -g 0.000000e+00 -c 5.623413e+03 -w-1 1 -w1 3.629412e+01 -q -e 1.000000e-03
training performance:
Accuracy = 100% (1268/1268) (classification)
BAC = 1 (Sens = 1, Spec = 1)
testing performance:
Accuracy = 96.9863% (354/365) (classification)
BAC = 0.774541 (Sens = 0.571429, Spec = 0.977654)
training with -t 0 -g 0.000000e+00 -c 5.623413e+03 -w-1 1 -w1 3.768750e+01 -q -e 1.000000e-03
training performance:
Accuracy = 100% (1238/1238) (classification)
BAC = 1 (Sens = 1, Spec = 1)
testing performance:
Accuracy = 92.4051% (365/395) (classification)
BAC = 0.581318 (Sens = 0.222222, Spec = 0.940415)
training with -t 0 -g 0.000000e+00 -c 5.623413e+03 -w-1 1 -w1 4.429630e+01 -q -e 1.000000e-03
training performance:
Accuracy = 100% (1223/1223) (classification)
BAC = 1 (Sens = 1, Spec = 1)
testing performance:
Accuracy = 95.8537% (393/410) (classification)
BAC = 0.599567 (Sens = 0.214286, Spec = 0.984848)
CV run cannot reach best value any more, aborting
Average training performance after CV: 1
Average generalization performance after CV: 0.738857

CV with -t 0 -g 0.000000e+00 -c 1.000000e+05 -w-1 1 -w1 1 -q -e 1.000000e-03...splitting data into training/test folds.
........
training with -t 0 -g 0.000000e+00 -c 1.000000e+05 -w-1 1 -w1 3.611765e+01 -q -e 1.000000e-03
training performance:
Accuracy = 100% (1262/1262) (classification)
BAC = 1 (Sens = 1, Spec = 1)
testing performance:
Accuracy = 98.1132% (364/371) (classification)
BAC = 0.710165 (Sens = 0.428571, Spec = 0.991758)
training with -t 0 -g 0.000000e+00 -c 1.000000e+05 -w-1 1 -w1 4.670370e+01 -q -e 1.000000e-03
training performance:
Accuracy = 100% (1288/1288) (classification)
BAC = 1 (Sens = 1, Spec = 1)
testing performance:
Accuracy = 93.3333% (322/345) (classification)
BAC = 0.657423 (Sens = 0.357143, Spec = 0.957704)
training with -t 0 -g 0.000000e+00 -c 1.000000e+05 -w-1 1 -w1 3.415625e+01 -q -e 1.000000e-03
training performance:
Accuracy = 100% (1125/1125) (classification)
BAC = 1 (Sens = 1, Spec = 1)
testing performance:
Accuracy = 75.7874% (385/508) (classification)
BAC = 0.440325 (Sens = 0.111111, Spec = 0.769539)
CV run cannot reach best value any more, aborting
Average training performance after CV: 1
Average generalization performance after CV: 0.701978

training with best hyperparameters (CV gen prediction: 0.818581)
training with -t 0 -g 0.000000e+00 -c 1.778279e-04 -w-1 1 -w1 3.892683e+01 -q -e 1.000000e-03
training performance:
Accuracy = 83.5064% (1367/1637) (classification)
BAC = 0.856004 (Sens = 0.878049, Spec = 0.83396)

3. run of generalization assessment CV -- testing
Accuracy = 82.7869% (505/610) (classification)
BAC = 0.871377 (Sens = 0.916667, Spec = 0.826087)

4. run of generalization assessment CV -- training

grid search for best hyperparameters


CV with -t 0 -g 0.000000e+00 -c 1.000000e-05 -w-1 1 -w1 1 -q -e 1.000000e-03...splitting data into training/test folds.
........
training with -t 0 -g 0.000000e+00 -c 1.000000e-05 -w-1 1 -w1 4.582143e+01 -q -e 1.000000e-03
training performance:
Accuracy = 74.8284% (981/1311) (classification)
BAC = 0.853928 (Sens = 0.964286, Spec = 0.74357)
testing performance:
Accuracy = 79.1262% (326/412) (classification)
BAC = 0.760145 (Sens = 0.727273, Spec = 0.793017)
training with -t 0 -g 0.000000e+00 -c 1.000000e-05 -w-1 1 -w1 3.796774e+01 -q -e 1.000000e-03
training performance:
Accuracy = 90.2318% (1090/1208) (classification)
BAC = 0.730013 (Sens = 0.548387, Spec = 0.91164)
testing performance:
Accuracy = 91.068% (469/515) (classification)
BAC = 0.770094 (Sens = 0.625, Spec = 0.915187)
training with -t 0 -g 0.000000e+00 -c 1.000000e-05 -w-1 1 -w1 4.700000e+01 -q -e 1.000000e-03
training performance:
Accuracy = 79.8363% (1073/1344) (classification)
BAC = 0.879559 (Sens = 0.964286, Spec = 0.794833)
testing performance:
Accuracy = 71.7678% (272/379) (classification)
BAC = 0.766428 (Sens = 0.818182, Spec = 0.714674)
training with -t 0 -g 0.000000e+00 -c 1.000000e-05 -w-1 1 -w1 4.253333e+01 -q -e 1.000000e-03
training performance:
Accuracy = 74.1194% (968/1306) (classification)
BAC = 0.835005 (Sens = 0.933333, Spec = 0.736677)
testing performance:
Accuracy = 73.8609% (308/417) (classification)
BAC = 0.866422 (Sens = 1, Spec = 0.732843)
Average training performance after CV: 0.824626
Average generalization performance after CV: 0.790772

CV with -t 0 -g 0.000000e+00 -c 1.778279e-04 -w-1 1 -w1 1 -q -e 1.000000e-03...splitting data into training/test folds.
........
training with -t 0 -g 0.000000e+00 -c 1.778279e-04 -w-1 1 -w1 4.660714e+01 -q -e 1.000000e-03
training performance:
Accuracy = 80.8702% (1078/1333) (classification)
BAC = 0.867351 (Sens = 0.928571, Spec = 0.80613)
testing performance:
Accuracy = 83.3333% (325/390) (classification)
BAC = 0.914248 (Sens = 1, Spec = 0.828496)
training with -t 0 -g 0.000000e+00 -c 1.778279e-04 -w-1 1 -w1 4.617857e+01 -q -e 1.000000e-03
training performance:
Accuracy = 84.3301% (1114/1321) (classification)
BAC = 0.919954 (Sens = 1, Spec = 0.839907)
testing performance:
Accuracy = 76.3682% (307/402) (classification)
BAC = 0.745989 (Sens = 0.727273, Spec = 0.764706)
training with -t 0 -g 0.000000e+00 -c 1.778279e-04 -w-1 1 -w1 4.087097e+01 -q -e 1.000000e-03
training performance:
Accuracy = 83.9753% (1090/1298) (classification)
BAC = 0.886448 (Sens = 0.935484, Spec = 0.837411)
testing performance:
Accuracy = 81.8824% (348/425) (classification)
BAC = 0.723771 (Sens = 0.625, Spec = 0.822542)
training with -t 0 -g 0.000000e+00 -c 1.778279e-04 -w-1 1 -w1 3.956667e+01 -q -e 1.000000e-03
training performance:
Accuracy = 79.7042% (970/1217) (classification)
BAC = 0.863465 (Sens = 0.933333, Spec = 0.793597)
testing performance:
Accuracy = 83.2016% (421/506) (classification)
BAC = 0.914487 (Sens = 1, Spec = 0.828974)
Average training performance after CV: 0.884304
Average generalization performance after CV: 0.824624

CV with -t 0 -g 0.000000e+00 -c 3.162278e-03 -w-1 1 -w1 1 -q -e 1.000000e-03...splitting data into training/test folds.
........
training with -t 0 -g 0.000000e+00 -c 3.162278e-03 -w-1 1 -w1 4.300000e+01 -q -e 1.000000e-03
training performance:
Accuracy = 92.4242% (1220/1320) (classification)
BAC = 0.96124 (Sens = 1, Spec = 0.922481)
testing performance:
Accuracy = 90.0744% (363/403) (classification)
BAC = 0.840666 (Sens = 0.777778, Spec = 0.903553)
training with -t 0 -g 0.000000e+00 -c 3.162278e-03 -w-1 1 -w1 4.717857e+01 -q -e 1.000000e-03
training performance:
Accuracy = 91.9941% (1241/1349) (classification)
BAC = 0.959122 (Sens = 1, Spec = 0.918244)
testing performance:
Accuracy = 90.6417% (339/374) (classification)
BAC = 0.951791 (Sens = 1, Spec = 0.903581)
training with -t 0 -g 0.000000e+00 -c 3.162278e-03 -w-1 1 -w1 3.941935e+01 -q -e 1.000000e-03
training performance:
Accuracy = 92.1788% (1155/1253) (classification)
BAC = 0.944182 (Sens = 0.967742, Spec = 0.920622)
testing performance:
Accuracy = 92.5532% (435/470) (classification)
BAC = 0.777868 (Sens = 0.625, Spec = 0.930736)
training with -t 0 -g 0.000000e+00 -c 3.162278e-03 -w-1 1 -w1 4.353571e+01 -q -e 1.000000e-03
training performance:
Accuracy = 93.8252% (1170/1247) (classification)
BAC = 0.968417 (Sens = 1, Spec = 0.936833)
testing performance:
Accuracy = 91.8067% (437/476) (classification)
BAC = 0.736168 (Sens = 0.545455, Spec = 0.926882)
Average training performance after CV: 0.95824
Average generalization performance after CV: 0.826623

CV with -t 0 -g 0.000000e+00 -c 5.623413e-02 -w-1 1 -w1 1 -q -e 1.000000e-03...splitting data into training/test folds.
........
training with -t 0 -g 0.000000e+00 -c 5.623413e-02 -w-1 1 -w1 4.148387e+01 -q -e 1.000000e-03
training performance:
Accuracy = 97.1147% (1279/1317) (classification)
BAC = 0.985226 (Sens = 1, Spec = 0.970451)
testing performance:
Accuracy = 94.5813% (384/406) (classification)
BAC = 0.604899 (Sens = 0.25, Spec = 0.959799)
training with -t 0 -g 0.000000e+00 -c 5.623413e-02 -w-1 1 -w1 5.156000e+01 -q -e 1.000000e-03
training performance:
Accuracy = 99.3912% (1306/1314) (classification)
BAC = 0.996897 (Sens = 1, Spec = 0.993794)
testing performance:
Accuracy = 94.132% (385/409) (classification)
BAC = 0.556239 (Sens = 0.142857, Spec = 0.96962)
CV run cannot reach best value any more, aborting
Average training performance after CV: 0.995531
Average generalization performance after CV: 0.790285

CV with -t 0 -g 0.000000e+00 -c 1.000000e+00 -w-1 1 -w1 1 -q -e 1.000000e-03...splitting data into training/test folds.
........
training with -t 0 -g 0.000000e+00 -c 1.000000e+00 -w-1 1 -w1 4.339286e+01 -q -e 1.000000e-03
training performance:
Accuracy = 99.9195% (1242/1243) (classification)
BAC = 0.999588 (Sens = 1, Spec = 0.999177)
testing performance:
Accuracy = 75% (360/480) (classification)
BAC = 0.561349 (Sens = 0.363636, Spec = 0.759062)
training with -t 0 -g 0.000000e+00 -c 1.000000e+00 -w-1 1 -w1 3.928125e+01 -q -e 1.000000e-03
training performance:
Accuracy = 100% (1289/1289) (classification)
BAC = 1 (Sens = 1, Spec = 1)
testing performance:
Accuracy = 92.6267% (402/434) (classification)
BAC = 0.470726 (Sens = 0, Spec = 0.941452)
CV run cannot reach best value any more, aborting
Average training performance after CV: 0.999897
Average generalization performance after CV: 0.758019

CV with -t 0 -g 0.000000e+00 -c 1.778279e+01 -w-1 1 -w1 1 -q -e 1.000000e-03...splitting data into training/test folds.
........
training with -t 0 -g 0.000000e+00 -c 1.778279e+01 -w-1 1 -w1 3.557576e+01 -q -e 1.000000e-03
training performance:
Accuracy = 100% (1207/1207) (classification)
BAC = 1 (Sens = 1, Spec = 1)
testing performance:
Accuracy = 97.4806% (503/516) (classification)
BAC = 0.493137 (Sens = 0, Spec = 0.986275)
training with -t 0 -g 0.000000e+00 -c 1.778279e+01 -w-1 1 -w1 4.210000e+01 -q -e 1.000000e-03
training performance:
Accuracy = 100% (1293/1293) (classification)
BAC = 1 (Sens = 1, Spec = 1)
testing performance:
Accuracy = 87.907% (378/430) (classification)
BAC = 0.448931 (Sens = 0, Spec = 0.897862)
CV run cannot reach best value any more, aborting
Average training performance after CV: 1
Average generalization performance after CV: 0.735517

CV with -t 0 -g 0.000000e+00 -c 3.162278e+02 -w-1 1 -w1 1 -q -e 1.000000e-03...splitting data into training/test folds.
........
training with -t 0 -g 0.000000e+00 -c 3.162278e+02 -w-1 1 -w1 4.942308e+01 -q -e 1.000000e-03
training performance:
Accuracy = 100% (1311/1311) (classification)
BAC = 1 (Sens = 1, Spec = 1)
testing performance:
Accuracy = 93.6893% (386/412) (classification)
BAC = 0.669751 (Sens = 0.384615, Spec = 0.954887)
training with -t 0 -g 0.000000e+00 -c 3.162278e+02 -w-1 1 -w1 4.340000e+01 -q -e 1.000000e-03
training performance:
Accuracy = 100% (1332/1332) (classification)
BAC = 1 (Sens = 1, Spec = 1)
testing performance:
Accuracy = 85.1662% (333/391) (classification)
BAC = 0.490111 (Sens = 0.111111, Spec = 0.86911)
CV run cannot reach best value any more, aborting
Average training performance after CV: 1
Average generalization performance after CV: 0.789965

CV with -t 0 -g 0.000000e+00 -c 5.623413e+03 -w-1 1 -w1 1 -q -e 1.000000e-03...splitting data into training/test folds.
........
training with -t 0 -g 0.000000e+00 -c 5.623413e+03 -w-1 1 -w1 3.928125e+01 -q -e 1.000000e-03
training performance:
Accuracy = 100% (1289/1289) (classification)
BAC = 1 (Sens = 1, Spec = 1)
testing performance:
Accuracy = 89.8618% (390/434) (classification)
BAC = 0.456674 (Sens = 0, Spec = 0.913349)
training with -t 0 -g 0.000000e+00 -c 5.623413e+03 -w-1 1 -w1 5.146154e+01 -q -e 1.000000e-03
training performance:
Accuracy = 100% (1364/1364) (classification)
BAC = 1 (Sens = 1, Spec = 1)
testing performance:
Accuracy = 94.9861% (341/359) (classification)
BAC = 0.492775 (Sens = 0, Spec = 0.985549)
CV run cannot reach best value any more, aborting
Average training performance after CV: 1
Average generalization performance after CV: 0.737362

CV with -t 0 -g 0.000000e+00 -c 1.000000e+05 -w-1 1 -w1 1 -q -e 1.000000e-03...splitting data into training/test folds.
........
training with -t 0 -g 0.000000e+00 -c 1.000000e+05 -w-1 1 -w1 4.489655e+01 -q -e 1.000000e-03
training performance:
Accuracy = 100% (1331/1331) (classification)
BAC = 1 (Sens = 1, Spec = 1)
testing performance:
Accuracy = 96.4286% (378/392) (classification)
BAC = 0.592147 (Sens = 0.2, Spec = 0.984293)
training with -t 0 -g 0.000000e+00 -c 1.000000e+05 -w-1 1 -w1 4.213793e+01 -q -e 1.000000e-03
training performance:
Accuracy = 100% (1251/1251) (classification)
BAC = 1 (Sens = 1, Spec = 1)
testing performance:
Accuracy = 94.0678% (444/472) (classification)
BAC = 0.529437 (Sens = 0.1, Spec = 0.958874)
CV run cannot reach best value any more, aborting
Average training performance after CV: 1
Average generalization performance after CV: 0.780396

training with best hyperparameters (CV gen prediction: 0.826623)
training with -t 0 -g 0.000000e+00 -c 3.162278e-03 -w-1 1 -w1 4.317949e+01 -q -e 1.000000e-03
training performance:
Accuracy = 92.397% (1592/1723) (classification)
BAC = 0.948581 (Sens = 0.974359, Spec = 0.922803)

4. run of generalization assessment CV -- testing
Accuracy = 91.4122% (479/524) (classification)
BAC = 0.816947 (Sens = 0.714286, Spec = 0.919608)

Training perfomance as evaluated by 4-fold CV is 0.879581 +-0.0461282

Generalization perfomance as evaluated by 4-fold CV is 0.865255 +-0.0359955
Prediction of CV was 0.830986 +-0.01053

training model on whole dataset
grid search for best hyperparameters


CV with -t 0 -g 0.000000e+00 -c 1.000000e-05 -w-1 1 -w1 1 -q -e 1.000000e-03...splitting data into training/test folds.
........
training with -t 0 -g 0.000000e+00 -c 1.000000e-05 -w-1 1 -w1 4.300000e+01 -q -e 1.000000e-03
training performance:
Accuracy = 74.14% (1207/1628) (classification)
BAC = 0.828096 (Sens = 0.918919, Spec = 0.737272)
testing performance:
Accuracy = 80.4523% (498/619) (classification)
BAC = 0.838827 (Sens = 0.875, Spec = 0.802653)
training with -t 0 -g 0.000000e+00 -c 1.000000e-05 -w-1 1 -w1 4.862857e+01 -q -e 1.000000e-03
training performance:
Accuracy = 75.3022% (1308/1737) (classification)
BAC = 0.831996 (Sens = 0.914286, Spec = 0.749706)
testing performance:
Accuracy = 74.3137% (379/510) (classification)
BAC = 0.786585 (Sens = 0.833333, Spec = 0.739837)
training with -t 0 -g 0.000000e+00 -c 1.000000e-05 -w-1 1 -w1 3.620000e+01 -q -e 1.000000e-03
training performance:
Accuracy = 77.8375% (1303/1674) (classification)
BAC = 0.832106 (Sens = 0.888889, Spec = 0.775322)
testing performance:
Accuracy = 70.8551% (406/573) (classification)
BAC = 0.790597 (Sens = 0.875, Spec = 0.706195)
training with -t 0 -g 0.000000e+00 -c 1.000000e-05 -w-1 1 -w1 3.952381e+01 -q -e 1.000000e-03
training performance:
Accuracy = 68.2139% (1161/1702) (classification)
BAC = 0.790634 (Sens = 0.904762, Spec = 0.676506)
testing performance:
Accuracy = 66.789% (364/545) (classification)
BAC = 0.830524 (Sens = 1, Spec = 0.661049)
Average training performance after CV: 0.820708
Average generalization performance after CV: 0.811633

CV with -t 0 -g 0.000000e+00 -c 1.778279e-04 -w-1 1 -w1 1 -q -e 1.000000e-03...splitting data into training/test folds.
........
training with -t 0 -g 0.000000e+00 -c 1.778279e-04 -w-1 1 -w1 4.602778e+01 -q -e 1.000000e-03
training performance:
Accuracy = 84.3473% (1428/1693) (classification)
BAC = 0.865688 (Sens = 0.888889, Spec = 0.842486)
testing performance:
Accuracy = 83.3935% (462/554) (classification)
BAC = 0.828897 (Sens = 0.823529, Spec = 0.834264)
training with -t 0 -g 0.000000e+00 -c 1.778279e-04 -w-1 1 -w1 3.887500e+01 -q -e 1.000000e-03
training performance:
Accuracy = 84.4514% (1347/1595) (classification)
BAC = 0.871543 (Sens = 0.9, Spec = 0.843087)
testing performance:
Accuracy = 84.0491% (548/652) (classification)
BAC = 0.767907 (Sens = 0.692308, Spec = 0.843505)
training with -t 0 -g 0.000000e+00 -c 1.778279e-04 -w-1 1 -w1 4.038095e+01 -q -e 1.000000e-03
training performance:
Accuracy = 82.1634% (1428/1738) (classification)
BAC = 0.838949 (Sens = 0.857143, Spec = 0.820755)
testing performance:
Accuracy = 83.1041% (423/509) (classification)
BAC = 0.913655 (Sens = 1, Spec = 0.827309)
training with -t 0 -g 0.000000e+00 -c 1.778279e-04 -w-1 1 -w1 4.082927e+01 -q -e 1.000000e-03
training performance:
Accuracy = 84.6064% (1451/1715) (classification)
BAC = 0.861665 (Sens = 0.878049, Spec = 0.845281)
testing performance:
Accuracy = 82.1429% (437/532) (classification)
BAC = 0.827244 (Sens = 0.833333, Spec = 0.821154)
Average training performance after CV: 0.859461
Average generalization performance after CV: 0.834425

CV with -t 0 -g 0.000000e+00 -c 3.162278e-03 -w-1 1 -w1 1 -q -e 1.000000e-03...splitting data into training/test folds.
........
training with -t 0 -g 0.000000e+00 -c 3.162278e-03 -w-1 1 -w1 3.972500e+01 -q -e 1.000000e-03
training performance:
Accuracy = 93.4316% (1522/1629) (classification)
BAC = 0.954146 (Sens = 0.975, Spec = 0.933291)
testing performance:
Accuracy = 89.9676% (556/618) (classification)
BAC = 0.72295 (Sens = 0.538462, Spec = 0.907438)
training with -t 0 -g 0.000000e+00 -c 3.162278e-03 -w-1 1 -w1 3.866667e+01 -q -e 1.000000e-03
training performance:
Accuracy = 92.7971% (1546/1666) (classification)
BAC = 0.963054 (Sens = 1, Spec = 0.926108)
testing performance:
Accuracy = 91.9105% (534/581) (classification)
BAC = 0.735885 (Sens = 0.545455, Spec = 0.926316)
training with -t 0 -g 0.000000e+00 -c 3.162278e-03 -w-1 1 -w1 4.344737e+01 -q -e 1.000000e-03
training performance:
Accuracy = 91.9479% (1553/1689) (classification)
BAC = 0.958813 (Sens = 1, Spec = 0.917626)
testing performance:
Accuracy = 87.4552% (488/558) (classification)
BAC = 0.935543 (Sens = 1, Spec = 0.871087)
training with -t 0 -g 0.000000e+00 -c 3.162278e-03 -w-1 1 -w1 4.405128e+01 -q -e 1.000000e-03
training performance:
Accuracy = 94.0808% (1653/1757) (classification)
BAC = 0.969732 (Sens = 1, Spec = 0.939464)
testing performance:
Accuracy = 94.0816% (461/490) (classification)
BAC = 0.761555 (Sens = 0.571429, Spec = 0.951681)
Average training performance after CV: 0.961436
Average generalization performance after CV: 0.788983

CV with -t 0 -g 0.000000e+00 -c 5.623413e-02 -w-1 1 -w1 1 -q -e 1.000000e-03...splitting data into training/test folds.
........
training with -t 0 -g 0.000000e+00 -c 5.623413e-02 -w-1 1 -w1 4.300000e+01 -q -e 1.000000e-03
training performance:
Accuracy = 99.0786% (1613/1628) (classification)
BAC = 0.995286 (Sens = 1, Spec = 0.990572)
testing performance:
Accuracy = 92.4071% (572/619) (classification)
BAC = 0.565558 (Sens = 0.1875, Spec = 0.943615)
training with -t 0 -g 0.000000e+00 -c 5.623413e-02 -w-1 1 -w1 4.200000e+01 -q -e 1.000000e-03
training performance:
Accuracy = 97.907% (1684/1720) (classification)
BAC = 0.989286 (Sens = 1, Spec = 0.978571)
testing performance:
Accuracy = 88.425% (466/527) (classification)
BAC = 0.603262 (Sens = 0.307692, Spec = 0.898833)
CV run cannot reach best value any more, aborting
Average training performance after CV: 0.996143
Average generalization performance after CV: 0.792205

CV with -t 0 -g 0.000000e+00 -c 1.000000e+00 -w-1 1 -w1 1 -q -e 1.000000e-03...splitting data into training/test folds.
........
training with -t 0 -g 0.000000e+00 -c 1.000000e+00 -w-1 1 -w1 4.058974e+01 -q -e 1.000000e-03
training performance:
Accuracy = 99.8767% (1620/1622) (classification)
BAC = 0.999368 (Sens = 1, Spec = 0.998737)
testing performance:
Accuracy = 80% (500/625) (classification)
BAC = 0.653437 (Sens = 0.5, Spec = 0.806874)
training with -t 0 -g 0.000000e+00 -c 1.000000e+00 -w-1 1 -w1 4.150000e+01 -q -e 1.000000e-03
training performance:
Accuracy = 99.2941% (1688/1700) (classification)
BAC = 0.996386 (Sens = 1, Spec = 0.992771)
testing performance:
Accuracy = 96.8921% (530/547) (classification)
BAC = 0.758931 (Sens = 0.538462, Spec = 0.979401)
training with -t 0 -g 0.000000e+00 -c 1.000000e+00 -w-1 1 -w1 4.131707e+01 -q -e 1.000000e-03
training performance:
Accuracy = 99.7695% (1731/1735) (classification)
BAC = 0.998819 (Sens = 1, Spec = 0.997639)
testing performance:
Accuracy = 93.1641% (477/512) (classification)
BAC = 0.477 (Sens = 0, Spec = 0.954)
CV run cannot reach best value any more, aborting
Average training performance after CV: 0.998643
Average generalization performance after CV: 0.722342

CV with -t 0 -g 0.000000e+00 -c 1.778279e+01 -w-1 1 -w1 1 -q -e 1.000000e-03...splitting data into training/test folds.
........
training with -t 0 -g 0.000000e+00 -c 1.778279e+01 -w-1 1 -w1 4.195000e+01 -q -e 1.000000e-03
training performance:
Accuracy = 100% (1718/1718) (classification)
BAC = 1 (Sens = 1, Spec = 1)
testing performance:
Accuracy = 89.603% (474/529) (classification)
BAC = 0.57178 (Sens = 0.230769, Spec = 0.912791)
training with -t 0 -g 0.000000e+00 -c 1.778279e+01 -w-1 1 -w1 4.133333e+01 -q -e 1.000000e-03
training performance:
Accuracy = 100% (1651/1651) (classification)
BAC = 1 (Sens = 1, Spec = 1)
testing performance:
Accuracy = 79.698% (475/596) (classification)
BAC = 0.512641 (Sens = 0.214286, Spec = 0.810997)
CV run cannot reach best value any more, aborting
Average training performance after CV: 1
Average generalization performance after CV: 0.771105

CV with -t 0 -g 0.000000e+00 -c 3.162278e+02 -w-1 1 -w1 1 -q -e 1.000000e-03...splitting data into training/test folds.
........
training with -t 0 -g 0.000000e+00 -c 3.162278e+02 -w-1 1 -w1 4.392105e+01 -q -e 1.000000e-03
training performance:
Accuracy = 100% (1707/1707) (classification)
BAC = 1 (Sens = 1, Spec = 1)
testing performance:
Accuracy = 94.0741% (508/540) (classification)
BAC = 0.645714 (Sens = 0.333333, Spec = 0.958095)
training with -t 0 -g 0.000000e+00 -c 3.162278e+02 -w-1 1 -w1 4.045000e+01 -q -e 1.000000e-03
training performance:
Accuracy = 100% (1658/1658) (classification)
BAC = 1 (Sens = 1, Spec = 1)
testing performance:
Accuracy = 94.3973% (556/589) (classification)
BAC = 0.482639 (Sens = 0, Spec = 0.965278)
CV run cannot reach best value any more, aborting
Average training performance after CV: 1
Average generalization performance after CV: 0.782088

CV with -t 0 -g 0.000000e+00 -c 5.623413e+03 -w-1 1 -w1 1 -q -e 1.000000e-03...splitting data into training/test folds.
........
training with -t 0 -g 0.000000e+00 -c 5.623413e+03 -w-1 1 -w1 3.865000e+01 -q -e 1.000000e-03
training performance:
Accuracy = 100% (1586/1586) (classification)
BAC = 1 (Sens = 1, Spec = 1)
testing performance:
Accuracy = 81.997% (542/661) (classification)
BAC = 0.644349 (Sens = 0.461538, Spec = 0.82716)
training with -t 0 -g 0.000000e+00 -c 5.623413e+03 -w-1 1 -w1 4.265000e+01 -q -e 1.000000e-03
training performance:
Accuracy = 100% (1746/1746) (classification)
BAC = 1 (Sens = 1, Spec = 1)
testing performance:
Accuracy = 92.016% (461/501) (classification)
BAC = 0.622084 (Sens = 0.307692, Spec = 0.936475)
CV run cannot reach best value any more, aborting
Average training performance after CV: 1
Average generalization performance after CV: 0.816608

CV with -t 0 -g 0.000000e+00 -c 1.000000e+05 -w-1 1 -w1 1 -q -e 1.000000e-03...splitting data into training/test folds.
........
training with -t 0 -g 0.000000e+00 -c 1.000000e+05 -w-1 1 -w1 4.227500e+01 -q -e 1.000000e-03
training performance:
Accuracy = 100% (1731/1731) (classification)
BAC = 1 (Sens = 1, Spec = 1)
testing performance:
Accuracy = 92.2481% (476/516) (classification)
BAC = 0.623031 (Sens = 0.307692, Spec = 0.93837)
training with -t 0 -g 0.000000e+00 -c 1.000000e+05 -w-1 1 -w1 3.800000e+01 -q -e 1.000000e-03
training performance:
Accuracy = 100% (1599/1599) (classification)
BAC = 1 (Sens = 1, Spec = 1)
testing performance:
Accuracy = 93.8272% (608/648) (classification)
BAC = 0.600629 (Sens = 0.25, Spec = 0.951258)
CV run cannot reach best value any more, aborting
Average training performance after CV: 1
Average generalization performance after CV: 0.805915

training with best hyperparameters (CV gen prediction: 0.834425)
training with -t 0 -g 0.000000e+00 -c 1.778279e-04 -w-1 1 -w1 4.139623e+01 -q -e 1.000000e-03
training performance:
Accuracy = 83.8006% (1883/2247) (classification)
BAC = 0.86181 (Sens = 0.886792, Spec = 0.836828)

modelhashes = 

    'wp2hash: eb547dd9ed7ae4f4163db16b79fca818'
    'blockdatahash: 7a180c1876a00a3f70b5a184c2cd2e1c'
    'labelhash: 22112f21cb8342ed72d7ed90c0408841'
    'featureshash: 288c1b417cfe366c5c496810f015e7db'
    'splitdatahash: 295eec4ff06feeeda05dd9a49f99e9c2'
    'modelhash: 00c0c356871969599a0c45266e82e1ec'

